<?xml version="1.0" encoding="UTF-8"?>
<robot generator="Robot 3.1.2 (Python 3.8.0 on win32)" generated="20191031 16:21:51.077" rpa="false">
<suite id="s1" name="LoginPage" source="D:\AutoScripts\LoginPage\TestCases\LoginPage\LoginPage.robot">
<test id="s1-t1" name="TC_001_Login with Valid credentials">
<kw name="Begin Web Test" library="Common" type="setup">
<kw name="Open Browser" library="SeleniumLibrary">
<doc>Opens a new browser instance to the given ``url``.</doc>
<arguments>
<arg>${URL}</arg>
<arg>${Browser}</arg>
</arguments>
<msg timestamp="20191031 16:21:51.304" level="INFO">Opening browser 'Chrome' to base url 'https://localhost:44334/login'.</msg>
<status status="PASS" starttime="20191031 16:21:51.303" endtime="20191031 16:21:56.614"></status>
</kw>
<kw name="Maximize Browser Window" library="SeleniumLibrary">
<doc>Maximizes current browser window.</doc>
<status status="PASS" starttime="20191031 16:21:56.614" endtime="20191031 16:22:00.735"></status>
</kw>
<kw name="Wait Until Page Contains" library="SeleniumLibrary">
<doc>Waits until ``text`` appears on current page.</doc>
<arguments>
<arg>Commercial Cloud Dashboard</arg>
</arguments>
<status status="PASS" starttime="20191031 16:22:00.735" endtime="20191031 16:22:00.753"></status>
</kw>
<status status="PASS" starttime="20191031 16:21:51.303" endtime="20191031 16:22:00.753"></status>
</kw>
<kw name="Login With Valid Credentials" library="LoginPage">
<kw name="Login" library="LoginWithValidCredentials">
<kw name="Input Text" library="SeleniumLibrary">
<doc>Types the given ``text`` into text field identified by ``locator``.</doc>
<arguments>
<arg>${LOGIN EMAIL}</arg>
<arg>${VALID USERNAME}</arg>
</arguments>
<msg timestamp="20191031 16:22:00.754" level="INFO">Typing text 'volodymyr.shuran@agiliway.com' into text field 'css:[type='email']'.</msg>
<status status="PASS" starttime="20191031 16:22:00.754" endtime="20191031 16:22:00.934"></status>
</kw>
<kw name="Sleep" library="BuiltIn">
<doc>Pauses the test executed for the given time.</doc>
<arguments>
<arg>3s</arg>
</arguments>
<msg timestamp="20191031 16:22:03.936" level="INFO">Slept 3 seconds</msg>
<status status="PASS" starttime="20191031 16:22:00.934" endtime="20191031 16:22:03.936"></status>
</kw>
<kw name="Input Text" library="SeleniumLibrary">
<doc>Types the given ``text`` into text field identified by ``locator``.</doc>
<arguments>
<arg>${LOGIN PASSWD}</arg>
<arg>${VALID PASSWORD}</arg>
</arguments>
<msg timestamp="20191031 16:22:03.936" level="INFO">Typing text '12345qwerT' into text field 'css:[type='password']'.</msg>
<status status="PASS" starttime="20191031 16:22:03.936" endtime="20191031 16:22:04.087"></status>
</kw>
<kw name="Click Button" library="SeleniumLibrary">
<doc>Clicks button identified by ``locator``.</doc>
<arguments>
<arg>${LOGIN BTN}</arg>
</arguments>
<msg timestamp="20191031 16:22:04.087" level="INFO">Clicking button 'xpath://button[@class='btn btn-primary btn-login']'.</msg>
<status status="PASS" starttime="20191031 16:22:04.087" endtime="20191031 16:22:04.240"></status>
</kw>
<status status="PASS" starttime="20191031 16:22:00.753" endtime="20191031 16:22:04.241"></status>
</kw>
<status status="PASS" starttime="20191031 16:22:00.753" endtime="20191031 16:22:04.241"></status>
</kw>
<kw name="Confirm Valid Credentials" library="LoginPage">
<kw name="Verify User Logged In" library="LoginWithValidCredentials">
<kw name="Sleep" library="BuiltIn">
<doc>Pauses the test executed for the given time.</doc>
<arguments>
<arg>3s</arg>
</arguments>
<msg timestamp="20191031 16:22:07.244" level="INFO">Slept 3 seconds</msg>
<status status="PASS" starttime="20191031 16:22:04.242" endtime="20191031 16:22:07.244"></status>
</kw>
<kw name="Should Be Equal" library="BuiltIn">
<doc>Fails if the given objects are unequal.</doc>
<arguments>
<arg>${VALID CREDENTIALS NOTICE}</arg>
<arg>Welcome to your new app.</arg>
</arguments>
<status status="PASS" starttime="20191031 16:22:07.244" endtime="20191031 16:22:07.244"></status>
</kw>
<status status="PASS" starttime="20191031 16:22:04.242" endtime="20191031 16:22:07.245"></status>
</kw>
<status status="PASS" starttime="20191031 16:22:04.241" endtime="20191031 16:22:07.245"></status>
</kw>
<kw name="Logout" library="LoginPage">
<kw name="Sign Out" library="LoginWithValidCredentials">
<kw name="Click Button" library="SeleniumLibrary">
<doc>Clicks button identified by ``locator``.</doc>
<arguments>
<arg>${LOGOUT BTN}</arg>
</arguments>
<msg timestamp="20191031 16:22:07.246" level="INFO">Clicking button 'xpath://button[@aria-label="Logout"]'.</msg>
<status status="PASS" starttime="20191031 16:22:07.246" endtime="20191031 16:22:07.334"></status>
</kw>
<status status="PASS" starttime="20191031 16:22:07.245" endtime="20191031 16:22:07.334"></status>
</kw>
<status status="PASS" starttime="20191031 16:22:07.245" endtime="20191031 16:22:07.334"></status>
</kw>
<kw name="Login With Invalid Credentials" library="LoginPage">
<kw name="Login Wrong Credentials" library="LoginWithInvalidCredentials">
<kw name="Input Text" library="SeleniumLibrary">
<doc>Types the given ``text`` into text field identified by ``locator``.</doc>
<arguments>
<arg>${LOGIN EMAIL}</arg>
<arg>${INVALID USERNAME}</arg>
</arguments>
<msg timestamp="20191031 16:22:07.336" level="INFO">Typing text '!TestHelLo1' into text field 'css:[type='email']'.</msg>
<status status="PASS" starttime="20191031 16:22:07.335" endtime="20191031 16:22:07.425"></status>
</kw>
<kw name="Input Text" library="SeleniumLibrary">
<doc>Types the given ``text`` into text field identified by ``locator``.</doc>
<arguments>
<arg>${LOGIN PASSWD}</arg>
<arg>${INVALID PASSWORD}</arg>
</arguments>
<msg timestamp="20191031 16:22:07.425" level="INFO">Typing text 'PSWD123' into text field 'css:[type='password']'.</msg>
<status status="PASS" starttime="20191031 16:22:07.425" endtime="20191031 16:22:07.505"></status>
</kw>
<kw name="Click Button" library="SeleniumLibrary">
<doc>Clicks button identified by ``locator``.</doc>
<arguments>
<arg>${LOGIN BTN}</arg>
</arguments>
<msg timestamp="20191031 16:22:07.506" level="INFO">Clicking button 'xpath://button[@class='btn btn-primary btn-login']'.</msg>
<status status="PASS" starttime="20191031 16:22:07.506" endtime="20191031 16:22:07.582"></status>
</kw>
<kw name="Input Text" library="SeleniumLibrary">
<doc>Types the given ``text`` into text field identified by ``locator``.</doc>
<arguments>
<arg>${LOGIN EMAIL}</arg>
<arg>${VALID USERNAME}</arg>
</arguments>
<msg timestamp="20191031 16:22:07.583" level="INFO">Typing text 'volodymyr.shuran@agiliway.com' into text field 'css:[type='email']'.</msg>
<status status="PASS" starttime="20191031 16:22:07.583" endtime="20191031 16:22:07.723"></status>
</kw>
<kw name="Input Text" library="SeleniumLibrary">
<doc>Types the given ``text`` into text field identified by ``locator``.</doc>
<arguments>
<arg>${LOGIN PASSWD}</arg>
<arg>${INVALID PASSWORD}</arg>
</arguments>
<msg timestamp="20191031 16:22:07.723" level="INFO">Typing text 'PSWD123' into text field 'css:[type='password']'.</msg>
<status status="PASS" starttime="20191031 16:22:07.723" endtime="20191031 16:22:07.811"></status>
</kw>
<kw name="Click Button" library="SeleniumLibrary">
<doc>Clicks button identified by ``locator``.</doc>
<arguments>
<arg>${LOGIN BTN}</arg>
</arguments>
<msg timestamp="20191031 16:22:07.812" level="INFO">Clicking button 'xpath://button[@class='btn btn-primary btn-login']'.</msg>
<status status="PASS" starttime="20191031 16:22:07.811" endtime="20191031 16:22:07.876"></status>
</kw>
<kw name="Input Text" library="SeleniumLibrary">
<doc>Types the given ``text`` into text field identified by ``locator``.</doc>
<arguments>
<arg>${LOGIN EMAIL}</arg>
<arg>${INVALID USERNAME}</arg>
</arguments>
<msg timestamp="20191031 16:22:07.876" level="INFO">Typing text '!TestHelLo1' into text field 'css:[type='email']'.</msg>
<status status="PASS" starttime="20191031 16:22:07.876" endtime="20191031 16:22:07.954"></status>
</kw>
<kw name="Input Text" library="SeleniumLibrary">
<doc>Types the given ``text`` into text field identified by ``locator``.</doc>
<arguments>
<arg>${LOGIN PASSWD}</arg>
<arg>${VALID PASSWORD}</arg>
</arguments>
<msg timestamp="20191031 16:22:07.954" level="INFO">Typing text '12345qwerT' into text field 'css:[type='password']'.</msg>
<status status="PASS" starttime="20191031 16:22:07.954" endtime="20191031 16:22:08.031"></status>
</kw>
<kw name="Click Button" library="SeleniumLibrary">
<doc>Clicks button identified by ``locator``.</doc>
<arguments>
<arg>${LOGIN BTN}</arg>
</arguments>
<msg timestamp="20191031 16:22:08.031" level="INFO">Clicking button 'xpath://button[@class='btn btn-primary btn-login']'.</msg>
<status status="PASS" starttime="20191031 16:22:08.031" endtime="20191031 16:22:08.090"></status>
</kw>
<kw name="Input Text" library="SeleniumLibrary">
<doc>Types the given ``text`` into text field identified by ``locator``.</doc>
<arguments>
<arg>${LOGIN EMAIL}</arg>
<arg>${EMPTY}</arg>
</arguments>
<msg timestamp="20191031 16:22:08.090" level="INFO">Typing text '' into text field 'css:[type='email']'.</msg>
<status status="PASS" starttime="20191031 16:22:08.090" endtime="20191031 16:22:08.138"></status>
</kw>
<kw name="Input Text" library="SeleniumLibrary">
<doc>Types the given ``text`` into text field identified by ``locator``.</doc>
<arguments>
<arg>${LOGIN PASSWD}</arg>
<arg>${EMPTY}</arg>
</arguments>
<msg timestamp="20191031 16:22:08.139" level="INFO">Typing text '' into text field 'css:[type='password']'.</msg>
<status status="PASS" starttime="20191031 16:22:08.138" endtime="20191031 16:22:08.190"></status>
</kw>
<status status="PASS" starttime="20191031 16:22:07.335" endtime="20191031 16:22:08.190"></status>
</kw>
<status status="PASS" starttime="20191031 16:22:07.335" endtime="20191031 16:22:08.190"></status>
</kw>
<kw name="Confirm Invalid Credentials" library="LoginPage">
<kw name="Verify Invalid Credentials" library="LoginWithInvalidCredentials">
<kw name="Wait Until Page Contains Element" library="SeleniumLibrary">
<doc>Waits until element ``locator`` appears on current page.</doc>
<arguments>
<arg>${INVALID CREDENTIALS NOTICE}</arg>
</arguments>
<status status="PASS" starttime="20191031 16:22:08.191" endtime="20191031 16:22:08.201"></status>
</kw>
<status status="PASS" starttime="20191031 16:22:08.191" endtime="20191031 16:22:08.201"></status>
</kw>
<status status="PASS" starttime="20191031 16:22:08.190" endtime="20191031 16:22:08.201"></status>
</kw>
<doc>Verify login page creadentials</doc>
<tags>
<tag>Smoke</tag>
</tags>
<status status="PASS" starttime="20191031 16:21:51.302" endtime="20191031 16:22:08.202" critical="yes"></status>
</test>
<kw name="End Web Test" library="Common" type="teardown">
<kw name="Close Browser" library="SeleniumLibrary">
<doc>Closes the current browser.</doc>
<status status="PASS" starttime="20191031 16:22:08.204" endtime="20191031 16:22:10.316"></status>
</kw>
<status status="PASS" starttime="20191031 16:22:08.203" endtime="20191031 16:22:10.316"></status>
</kw>
<status status="PASS" starttime="20191031 16:21:51.078" endtime="20191031 16:22:10.317"></status>
</suite>
<statistics>
<total>
<stat pass="1" fail="0">Critical Tests</stat>
<stat pass="1" fail="0">All Tests</stat>
</total>
<tag>
<stat pass="1" fail="0">Smoke</stat>
</tag>
<suite>
<stat pass="1" fail="0" id="s1" name="LoginPage">LoginPage</stat>
</suite>
</statistics>
<errors>
</errors>
</robot>
