<?xml version="1.0" encoding="UTF-8"?>
<robot generator="Robot 3.1.2 (Python 3.8.0 on win32)" generated="20191101 12:31:48.972" rpa="false">
<suite id="s1" name="ValidationForActiveUsers" source="D:\AutoScripts\LoginPage\TestCases\QAValidation\ValidationForActiveUsers.robot">
<test id="s1-t1" name="TC_001_Login with Valid credentials">
<kw name="Begin Web Test" library="Common" type="setup">
<kw name="Open Browser" library="SeleniumLibrary">
<doc>Opens a new browser instance to the given ``url``.</doc>
<arguments>
<arg>${URL}</arg>
<arg>${Browser}</arg>
</arguments>
<msg timestamp="20191101 12:31:49.262" level="INFO">Opening browser 'Chrome' to base url 'https://localhost:44334/login'.</msg>
<status status="PASS" starttime="20191101 12:31:49.262" endtime="20191101 12:31:54.504"></status>
</kw>
<kw name="Maximize Browser Window" library="SeleniumLibrary">
<doc>Maximizes current browser window.</doc>
<status status="PASS" starttime="20191101 12:31:54.504" endtime="20191101 12:31:58.655"></status>
</kw>
<kw name="Wait Until Page Contains" library="SeleniumLibrary">
<doc>Waits until ``text`` appears on current page.</doc>
<arguments>
<arg>Commercial Cloud Dashboard</arg>
</arguments>
<status status="PASS" starttime="20191101 12:31:58.655" endtime="20191101 12:31:58.671"></status>
</kw>
<status status="PASS" starttime="20191101 12:31:49.261" endtime="20191101 12:31:58.671"></status>
</kw>
<kw name="Login With Valid Credentials" library="Validation">
<kw name="Login" library="LoginWithValidCredentials">
<kw name="Input Text" library="SeleniumLibrary">
<doc>Types the given ``text`` into text field identified by ``locator``.</doc>
<arguments>
<arg>${LOGIN EMAIL}</arg>
<arg>${VALID USERNAME}</arg>
</arguments>
<msg timestamp="20191101 12:31:58.672" level="INFO">Typing text 'volodymyr.shuran@agiliway.com' into text field 'css:[type='email']'.</msg>
<status status="PASS" starttime="20191101 12:31:58.672" endtime="20191101 12:31:58.825"></status>
</kw>
<kw name="Sleep" library="BuiltIn">
<doc>Pauses the test executed for the given time.</doc>
<arguments>
<arg>3s</arg>
</arguments>
<msg timestamp="20191101 12:32:01.826" level="INFO">Slept 3 seconds</msg>
<status status="PASS" starttime="20191101 12:31:58.825" endtime="20191101 12:32:01.826"></status>
</kw>
<kw name="Input Text" library="SeleniumLibrary">
<doc>Types the given ``text`` into text field identified by ``locator``.</doc>
<arguments>
<arg>${LOGIN PASSWD}</arg>
<arg>${VALID PASSWORD}</arg>
</arguments>
<msg timestamp="20191101 12:32:01.828" level="INFO">Typing text '12345qwerT' into text field 'css:[type='password']'.</msg>
<status status="PASS" starttime="20191101 12:32:01.827" endtime="20191101 12:32:01.961"></status>
</kw>
<kw name="Click Button" library="SeleniumLibrary">
<doc>Clicks button identified by ``locator``.</doc>
<arguments>
<arg>${LOGIN BTN}</arg>
</arguments>
<msg timestamp="20191101 12:32:01.961" level="INFO">Clicking button 'xpath://button[@class='btn btn-primary btn-login']'.</msg>
<status status="PASS" starttime="20191101 12:32:01.961" endtime="20191101 12:32:02.095"></status>
</kw>
<status status="PASS" starttime="20191101 12:31:58.672" endtime="20191101 12:32:02.095"></status>
</kw>
<status status="PASS" starttime="20191101 12:31:58.672" endtime="20191101 12:32:02.095"></status>
</kw>
<kw name="Confirm Valid Credentials" library="Validation">
<kw name="Verify User Logged In" library="LoginWithValidCredentials">
<kw name="Sleep" library="BuiltIn">
<doc>Pauses the test executed for the given time.</doc>
<arguments>
<arg>3s</arg>
</arguments>
<msg timestamp="20191101 12:32:05.098" level="INFO">Slept 3 seconds</msg>
<status status="PASS" starttime="20191101 12:32:02.096" endtime="20191101 12:32:05.098"></status>
</kw>
<kw name="Should Be Equal" library="BuiltIn">
<doc>Fails if the given objects are unequal.</doc>
<arguments>
<arg>${VALID CREDENTIALS NOTICE}</arg>
<arg>Welcome to your new app.</arg>
</arguments>
<status status="PASS" starttime="20191101 12:32:05.099" endtime="20191101 12:32:05.100"></status>
</kw>
<status status="PASS" starttime="20191101 12:32:02.096" endtime="20191101 12:32:05.100"></status>
</kw>
<status status="PASS" starttime="20191101 12:32:02.096" endtime="20191101 12:32:05.101"></status>
</kw>
<kw name="Check If Active User Automatically Login Into An App" library="Validation">
<kw name="Check Token" library="AutomaticallyUserLogin">
<kw name="Create Session" library="RequestsLibrary">
<doc>Create Session: create a HTTP session to a server</doc>
<arguments>
<arg>mysession</arg>
<arg>${BaseUrl}</arg>
</arguments>
<msg timestamp="20191101 12:32:05.104" level="INFO">Creating Session using : alias=mysession, url=https://localhost:44334/scheduledEvents, headers={},                     cookies={}, auth=None, timeout=None, proxies=None, verify=False,                     debug=0 </msg>
<status status="PASS" starttime="20191101 12:32:05.104" endtime="20191101 12:32:05.105"></status>
</kw>
<kw name="Get Request" library="RequestsLibrary">
<doc>Send a GET request on the session object found using the
given `alias`</doc>
<arguments>
<arg>mysession</arg>
<arg>/scheduledEvents/${token}</arg>
</arguments>
<assign>
<var>${responce}</var>
</assign>
<msg timestamp="20191101 12:32:05.107" level="INFO">GET Request using : uri=/scheduledEvents/"eyJ0eXAiOiJKV1QiLCJhbGciOiJIUzI1NiJ9.eyJpc3MiOiJodHRwc2Jjc2Nsb3VkLXByb2QtZG90bmV0LWFwcC5henVyZXdlYnNpdGVzLm5ldCIsInN1YiI6InVzZXIvbmFtZW5hbWUxIiwidXNlcm5hbWUiOiJuYW1lbmFtZTEiLCJyZXN1bHQiOiJzdWNjZXNzIiwiaWF0IjoxNTcwMDIzMzc1LjAsImV4cCI6MTU3MDAyNjk3NS4wfQ.HJkHwIcDk2K9JXEafNRbGOPSLpPCFI_yXppyRxAr-9Q", params=None, allow_redirects=True, timeout=None
headers={'User-Agent': 'python-requests/2.22.0', 'Accept-Encoding': 'gzip, deflate', 'Accept': '*/*', 'Connection': 'keep-alive'} 
data=None 
json=None</msg>
<msg timestamp="20191101 12:32:05.146" level="INFO">c:\users\tuday\appdata\local\programs\python\python38-32\lib\site-packages\urllib3\connectionpool.py:997: InsecureRequestWarning: Unverified HTTPS request is being made. Adding certificate verification is strongly advised. See: https://urllib3.readthedocs.io/en/latest/advanced-usage.html#ssl-warnings
  warnings.warn(</msg>
<msg timestamp="20191101 12:32:05.146" level="INFO">${responce} = &lt;Response [400]&gt;</msg>
<status status="PASS" starttime="20191101 12:32:05.106" endtime="20191101 12:32:05.146"></status>
</kw>
<kw name="Log To Console" library="BuiltIn">
<doc>Logs the given message to the console.</doc>
<arguments>
<arg>${responce.status_code}</arg>
</arguments>
<status status="PASS" starttime="20191101 12:32:05.146" endtime="20191101 12:32:05.147"></status>
</kw>
<status status="PASS" starttime="20191101 12:32:05.103" endtime="20191101 12:32:05.147"></status>
</kw>
<status status="PASS" starttime="20191101 12:32:05.102" endtime="20191101 12:32:05.147"></status>
</kw>
<doc>Verify Token Validation</doc>
<tags>
<tag>Smoke</tag>
</tags>
<status status="PASS" starttime="20191101 12:31:49.261" endtime="20191101 12:32:05.148" critical="yes"></status>
</test>
<kw name="End Web Test" library="Common" type="teardown">
<kw name="Close Browser" library="SeleniumLibrary">
<doc>Closes the current browser.</doc>
<status status="PASS" starttime="20191101 12:32:05.149" endtime="20191101 12:32:07.244"></status>
</kw>
<status status="PASS" starttime="20191101 12:32:05.149" endtime="20191101 12:32:07.245"></status>
</kw>
<doc>Suite description</doc>
<status status="PASS" starttime="20191101 12:31:48.974" endtime="20191101 12:32:07.245"></status>
</suite>
<statistics>
<total>
<stat pass="1" fail="0">Critical Tests</stat>
<stat pass="1" fail="0">All Tests</stat>
</total>
<tag>
<stat pass="1" fail="0">Smoke</stat>
</tag>
<suite>
<stat pass="1" fail="0" id="s1" name="ValidationForActiveUsers">ValidationForActiveUsers</stat>
</suite>
</statistics>
<errors>
</errors>
</robot>
