<?xml version="1.0" encoding="UTF-8"?>
<robot generator="Robot 3.2.1 (Python 3.8.5 on win32)" generated="20200821 14:11:59.283" rpa="false">
<suite id="s1" name="TestCases" source="C:\GIT_Rep\UI\Apps-DHC-Automation\UI_Automation\WebApp\TestCases\Dashboard\TestCases">
<suite id="s1-s1" name="DHCDashboard" source="C:\GIT_Rep\UI\Apps-DHC-Automation\UI_Automation\WebApp\TestCases\Dashboard\TestCases\DHCDashboard.robot">
<test id="s1-s1-t1" name="TC_Dashboard_Sections">
<kw name="Begin Web Test" library="Common" type="setup">
<kw name="${Firefox Browser} IN [ @{BROWSERS} ]" type="for">
<kw name="${Firefox Browser} = firefox" type="foritem">
<kw name="Open Browser" library="SeleniumLibrary">
<doc>Opens a new browser instance to the optional ``url``.</doc>
<arguments>
<arg>${URL}</arg>
<arg>${Firefox Browser}</arg>
</arguments>
<msg timestamp="20200821 14:11:59.708" level="INFO">Opening browser 'firefox' to base url 'https://qa-swcoe-dhc-automation-web-app.azurewebsites.net/'.</msg>
<msg timestamp="20200821 14:11:59.710" level="INFO">Firefox driver log is always forced to to: C:\GIT_Rep\UI\Apps-DHC-Automation\UI_Automation\WebApp\TestCases\Dashboard\geckodriver-1.log</msg>
<status status="PASS" starttime="20200821 14:11:59.707" endtime="20200821 14:12:10.394"></status>
</kw>
<status status="PASS" starttime="20200821 14:11:59.707" endtime="20200821 14:12:10.394"></status>
</kw>
<kw name="${Firefox Browser} = chrome" type="foritem">
<kw name="Open Browser" library="SeleniumLibrary">
<doc>Opens a new browser instance to the optional ``url``.</doc>
<arguments>
<arg>${URL}</arg>
<arg>${Firefox Browser}</arg>
</arguments>
<msg timestamp="20200821 14:12:10.394" level="INFO">Opening browser 'chrome' to base url 'https://qa-swcoe-dhc-automation-web-app.azurewebsites.net/'.</msg>
<status status="PASS" starttime="20200821 14:12:10.394" endtime="20200821 14:12:16.086"></status>
</kw>
<status status="PASS" starttime="20200821 14:12:10.394" endtime="20200821 14:12:16.086"></status>
</kw>
<status status="PASS" starttime="20200821 14:11:59.707" endtime="20200821 14:12:16.086"></status>
</kw>
<kw name="Set Selenium Timeout" library="SeleniumLibrary">
<doc>Sets the timeout that is used by various keywords.</doc>
<arguments>
<arg>60s</arg>
</arguments>
<status status="PASS" starttime="20200821 14:12:16.086" endtime="20200821 14:12:16.098"></status>
</kw>
<kw name="Wait Until Page Contains" library="SeleniumLibrary">
<doc>Waits until ``text`` appears on the current page.</doc>
<arguments>
<arg>Commercial Cloud Dashboard</arg>
</arguments>
<status status="PASS" starttime="20200821 14:12:16.098" endtime="20200821 14:12:25.635"></status>
</kw>
<kw name="Switch Browser" library="SeleniumLibrary">
<doc>Switches between active browsers using ``index_or_alias``.</doc>
<arguments>
<arg>2</arg>
</arguments>
<status status="PASS" starttime="20200821 14:12:25.635" endtime="20200821 14:12:25.635"></status>
</kw>
<kw name="Maximize Browser Window" library="SeleniumLibrary">
<doc>Maximizes current browser window.</doc>
<status status="PASS" starttime="20200821 14:12:25.635" endtime="20200821 14:12:27.761"></status>
</kw>
<status status="PASS" starttime="20200821 14:11:59.707" endtime="20200821 14:12:27.761"></status>
</kw>
<kw name="Login With Valid Credentials" library="DHCDashboard">
<kw name="Login" library="LoginWithValidCredentials">
<kw name="Input Text" library="SeleniumLibrary">
<doc>Types the given ``text`` into the text field identified by ``locator``.</doc>
<arguments>
<arg>${LOGIN EMAIL}</arg>
<arg>${VALID USERNAME}</arg>
</arguments>
<msg timestamp="20200821 14:12:27.762" level="INFO">Typing text 'dhc@user.email' into text field 'css:[type='email']'.</msg>
<status status="PASS" starttime="20200821 14:12:27.762" endtime="20200821 14:12:27.922"></status>
</kw>
<kw name="Sleep" library="BuiltIn">
<doc>Pauses the test executed for the given time.</doc>
<arguments>
<arg>3s</arg>
</arguments>
<msg timestamp="20200821 14:12:30.924" level="INFO">Slept 3 seconds</msg>
<status status="PASS" starttime="20200821 14:12:27.922" endtime="20200821 14:12:30.924"></status>
</kw>
<kw name="Input Text" library="SeleniumLibrary">
<doc>Types the given ``text`` into the text field identified by ``locator``.</doc>
<arguments>
<arg>${LOGIN PASSWD}</arg>
<arg>${VALID PASSWORD}</arg>
</arguments>
<msg timestamp="20200821 14:12:30.926" level="INFO">Typing text 'Dhctest01' into text field 'css:[type='password']'.</msg>
<status status="PASS" starttime="20200821 14:12:30.925" endtime="20200821 14:12:31.067"></status>
</kw>
<kw name="Click Button" library="SeleniumLibrary">
<doc>Clicks the button identified by ``locator``.</doc>
<arguments>
<arg>${LOGIN BTN}</arg>
</arguments>
<msg timestamp="20200821 14:12:31.068" level="INFO">Clicking button 'xpath://button[@class='btn btn-primary btn-login']'.</msg>
<status status="PASS" starttime="20200821 14:12:31.068" endtime="20200821 14:12:31.171"></status>
</kw>
<status status="PASS" starttime="20200821 14:12:27.762" endtime="20200821 14:12:31.171"></status>
</kw>
<status status="PASS" starttime="20200821 14:12:27.761" endtime="20200821 14:12:31.171"></status>
</kw>
<kw name="Validation of Cases Upcoming DHC" library="DHCDashboard">
<kw name="Upcoming DHC" library="DHCPage">
<kw name="Set Selenium Speed" library="SeleniumLibrary">
<doc>Sets the delay that is waited after each Selenium command.</doc>
<arguments>
<arg>1s</arg>
</arguments>
<status status="PASS" starttime="20200821 14:12:31.173" endtime="20200821 14:12:31.173"></status>
</kw>
<kw name="Set Selenium Implicit Wait" library="SeleniumLibrary">
<doc>Sets the implicit wait value used by Selenium.</doc>
<arguments>
<arg>5s</arg>
</arguments>
<status status="PASS" starttime="20200821 14:12:31.173" endtime="20200821 14:12:33.178"></status>
</kw>
<kw name="Wait Until Page Contains" library="SeleniumLibrary">
<doc>Waits until ``text`` appears on the current page.</doc>
<arguments>
<arg>Upcoming DHC’s</arg>
</arguments>
<status status="PASS" starttime="20200821 14:12:33.178" endtime="20200821 14:12:34.193"></status>
</kw>
<kw name="Get Text" library="SeleniumLibrary">
<doc>Returns the text value of the element identified by ``locator``.</doc>
<arguments>
<arg>${Upcoming DHC}</arg>
</arguments>
<assign>
<var>${text1}</var>
</assign>
<msg timestamp="20200821 14:12:36.279" level="INFO">${text1} = Upcoming DHC’s</msg>
<status status="PASS" starttime="20200821 14:12:34.193" endtime="20200821 14:12:36.279"></status>
</kw>
<kw name="Log To Console" library="BuiltIn">
<doc>Logs the given message to the console.</doc>
<arguments>
<arg>${text1}</arg>
</arguments>
<status status="PASS" starttime="20200821 14:12:36.279" endtime="20200821 14:12:36.283"></status>
</kw>
<kw name="Get Element Count" library="SeleniumLibrary">
<doc>Returns the number of elements matching ``locator``.</doc>
<arguments>
<arg>${UpcomingDHC_row}</arg>
</arguments>
<assign>
<var>${count}</var>
</assign>
<msg timestamp="20200821 14:12:37.314" level="INFO">${count} = 1</msg>
<status status="PASS" starttime="20200821 14:12:36.284" endtime="20200821 14:12:37.314"></status>
</kw>
<kw name="Log To Console" library="BuiltIn">
<doc>Logs the given message to the console.</doc>
<arguments>
<arg>No of Upcoming DHC’s Events: ${count}</arg>
</arguments>
<status status="PASS" starttime="20200821 14:12:37.314" endtime="20200821 14:12:37.315"></status>
</kw>
<status status="PASS" starttime="20200821 14:12:31.172" endtime="20200821 14:12:37.315"></status>
</kw>
<status status="PASS" starttime="20200821 14:12:31.171" endtime="20200821 14:12:37.315"></status>
</kw>
<kw name="Validation of Cases DHC's In Progress" library="DHCDashboard">
<kw name="DHC's In Progress" library="DHCPage">
<kw name="Set Selenium Speed" library="SeleniumLibrary">
<doc>Sets the delay that is waited after each Selenium command.</doc>
<arguments>
<arg>1s</arg>
</arguments>
<status status="PASS" starttime="20200821 14:12:37.316" endtime="20200821 14:12:37.316"></status>
</kw>
<kw name="Get Text" library="SeleniumLibrary">
<doc>Returns the text value of the element identified by ``locator``.</doc>
<arguments>
<arg>${DHC's In Progress}</arg>
</arguments>
<assign>
<var>${text2}</var>
</assign>
<msg timestamp="20200821 14:12:39.358" level="INFO">${text2} = DHC’s In Progress</msg>
<status status="PASS" starttime="20200821 14:12:37.316" endtime="20200821 14:12:39.358"></status>
</kw>
<kw name="Log To Console" library="BuiltIn">
<doc>Logs the given message to the console.</doc>
<arguments>
<arg>${text2}</arg>
</arguments>
<status status="PASS" starttime="20200821 14:12:39.359" endtime="20200821 14:12:39.360"></status>
</kw>
<kw name="Get Element Count" library="SeleniumLibrary">
<doc>Returns the number of elements matching ``locator``.</doc>
<arguments>
<arg>${DHCInProgress_row}</arg>
</arguments>
<assign>
<var>${count}</var>
</assign>
<msg timestamp="20200821 14:12:40.390" level="INFO">${count} = 1</msg>
<status status="PASS" starttime="20200821 14:12:39.360" endtime="20200821 14:12:40.390"></status>
</kw>
<kw name="Log To Console" library="BuiltIn">
<doc>Logs the given message to the console.</doc>
<arguments>
<arg>No of DHC's In Progress Events: ${count}</arg>
</arguments>
<status status="PASS" starttime="20200821 14:12:40.390" endtime="20200821 14:12:40.391"></status>
</kw>
<status status="PASS" starttime="20200821 14:12:37.316" endtime="20200821 14:12:40.392"></status>
</kw>
<status status="PASS" starttime="20200821 14:12:37.315" endtime="20200821 14:12:40.392"></status>
</kw>
<kw name="Validation of Cases DHC’s ready for Review" library="DHCDashboard">
<kw name="DHC’s ready for Review" library="DHCPage">
<kw name="Set Selenium Speed" library="SeleniumLibrary">
<doc>Sets the delay that is waited after each Selenium command.</doc>
<arguments>
<arg>2s</arg>
</arguments>
<status status="PASS" starttime="20200821 14:12:40.394" endtime="20200821 14:12:40.394"></status>
</kw>
<kw name="Get Text" library="SeleniumLibrary">
<doc>Returns the text value of the element identified by ``locator``.</doc>
<arguments>
<arg>${DHC’s ready for Review}</arg>
</arguments>
<status status="PASS" starttime="20200821 14:12:40.395" endtime="20200821 14:12:44.445"></status>
</kw>
<kw name="Get Text" library="SeleniumLibrary">
<doc>Returns the text value of the element identified by ``locator``.</doc>
<arguments>
<arg>${Deails Sites for SRC}</arg>
</arguments>
<assign>
<var>${text2}</var>
</assign>
<msg timestamp="20200821 14:12:48.487" level="INFO">${text2} = 8/19/2020 7:19:25 PM site-NXYSJANLXIQRJCFMLOGR
Failed</msg>
<status status="PASS" starttime="20200821 14:12:44.445" endtime="20200821 14:12:48.487"></status>
</kw>
<kw name="Log To Console" library="BuiltIn">
<doc>Logs the given message to the console.</doc>
<arguments>
<arg>${text2}</arg>
</arguments>
<status status="PASS" starttime="20200821 14:12:48.488" endtime="20200821 14:12:48.489"></status>
</kw>
<kw name="Click Element" library="SeleniumLibrary">
<doc>Click the element identified by ``locator``.</doc>
<arguments>
<arg>${Deails Sites for SRC}</arg>
</arguments>
<msg timestamp="20200821 14:12:48.491" level="INFO">Clicking element 'xpath=//div[@class='content px-4']//div[3]//table[1]//tbody[1]//tr[1]'.</msg>
<status status="PASS" starttime="20200821 14:12:48.490" endtime="20200821 14:12:52.647"></status>
</kw>
<kw name="Click Link" library="SeleniumLibrary">
<doc>Clicks a link identified by ``locator``.</doc>
<arguments>
<arg>${Home}</arg>
</arguments>
<msg timestamp="20200821 14:12:52.649" level="INFO">Clicking link 'xpath=//a[@class='navbar-brand']'.</msg>
<status status="PASS" starttime="20200821 14:12:52.648" endtime="20200821 14:12:58.816"></status>
</kw>
<kw name="Click Link" library="SeleniumLibrary">
<doc>Clicks a link identified by ``locator``.</doc>
<arguments>
<arg>${Salesforce Cases}</arg>
</arguments>
<msg timestamp="20200821 14:12:58.818" level="INFO">Clicking link 'salesforcecases'.</msg>
<status status="PASS" starttime="20200821 14:12:58.817" endtime="20200821 14:13:04.974"></status>
</kw>
<kw name="Wait Until Page Contains" library="SeleniumLibrary">
<doc>Waits until ``text`` appears on the current page.</doc>
<arguments>
<arg>Site Ready For SRC</arg>
</arguments>
<status status="PASS" starttime="20200821 14:13:04.974" endtime="20200821 14:13:07.201"></status>
</kw>
<kw name="Select Checkbox" library="SeleniumLibrary">
<doc>Selects the checkbox identified by ``locator``.</doc>
<arguments>
<arg>${Site Ready For SRC}</arg>
</arguments>
<msg timestamp="20200821 14:13:07.203" level="INFO">Selecting checkbox 'xpath=//input[@id='inlineCheckbox3']'.</msg>
<status status="PASS" starttime="20200821 14:13:07.202" endtime="20200821 14:13:17.360"></status>
</kw>
<kw name="Click Button" library="SeleniumLibrary">
<doc>Clicks the button identified by ``locator``.</doc>
<arguments>
<arg>${Filter Button}</arg>
</arguments>
<msg timestamp="20200821 14:13:17.360" level="INFO">Clicking button 'xpath=//button[contains(text(),'Filter')]'.</msg>
<status status="PASS" starttime="20200821 14:13:17.360" endtime="20200821 14:13:27.458"></status>
</kw>
<kw name="Wait Until Page Contains" library="SeleniumLibrary">
<doc>Waits until ``text`` appears on the current page.</doc>
<arguments>
<arg>Case Numer</arg>
</arguments>
<status status="PASS" starttime="20200821 14:13:27.458" endtime="20200821 14:13:33.161"></status>
</kw>
<kw name="Get Text" library="SeleniumLibrary">
<doc>Returns the text value of the element identified by ``locator``.</doc>
<arguments>
<arg>${Case Number2}</arg>
</arguments>
<assign>
<var>${text3}</var>
</assign>
<msg timestamp="20200821 14:13:37.240" level="INFO">${text3} = 03425058</msg>
<status status="PASS" starttime="20200821 14:13:33.163" endtime="20200821 14:13:37.241"></status>
</kw>
<kw name="Log To Console" library="BuiltIn">
<doc>Logs the given message to the console.</doc>
<arguments>
<arg>${text3}</arg>
</arguments>
<status status="PASS" starttime="20200821 14:13:37.241" endtime="20200821 14:13:37.242"></status>
</kw>
<kw name="Click Button" library="SeleniumLibrary">
<doc>Clicks the button identified by ``locator``.</doc>
<arguments>
<arg>${Salesforce Case Details}</arg>
</arguments>
<msg timestamp="20200821 14:13:37.244" level="INFO">Clicking button 'xpath=//tr[1]//td[4]//button[1]'.</msg>
<status status="PASS" starttime="20200821 14:13:37.243" endtime="20200821 14:13:47.426"></status>
</kw>
<kw name="Get Text" library="SeleniumLibrary">
<doc>Returns the text value of the element identified by ``locator``.</doc>
<arguments>
<arg>${Case Number}</arg>
</arguments>
<assign>
<var>${text3}</var>
</assign>
<msg timestamp="20200821 14:13:51.467" level="INFO">${text3} = 03425058</msg>
<status status="PASS" starttime="20200821 14:13:47.427" endtime="20200821 14:13:51.467"></status>
</kw>
<kw name="Log To Console" library="BuiltIn">
<doc>Logs the given message to the console.</doc>
<arguments>
<arg>${text3}</arg>
</arguments>
<status status="PASS" starttime="20200821 14:13:51.467" endtime="20200821 14:13:51.469"></status>
</kw>
<kw name="Get Element Count" library="SeleniumLibrary">
<doc>Returns the number of elements matching ``locator``.</doc>
<arguments>
<arg>${DHCreadyforReview_row}</arg>
</arguments>
<assign>
<var>${count}</var>
</assign>
<msg timestamp="20200821 14:13:58.481" level="INFO">${count} = 0</msg>
<status status="PASS" starttime="20200821 14:13:51.469" endtime="20200821 14:13:58.481"></status>
</kw>
<kw name="Log To Console" library="BuiltIn">
<doc>Logs the given message to the console.</doc>
<arguments>
<arg>No. of DHC’s ready for Review Events: ${count}</arg>
</arguments>
<status status="PASS" starttime="20200821 14:13:58.482" endtime="20200821 14:13:58.483"></status>
</kw>
<status status="PASS" starttime="20200821 14:12:40.393" endtime="20200821 14:13:58.483"></status>
</kw>
<status status="PASS" starttime="20200821 14:12:40.393" endtime="20200821 14:13:58.484"></status>
</kw>
<kw name="Validation of Recent Backup Events" library="DHCDashboard">
<kw name="Recent Backup Events" library="DHCPage">
<kw name="Set Selenium Speed" library="SeleniumLibrary">
<doc>Sets the delay that is waited after each Selenium command.</doc>
<arguments>
<arg>2s</arg>
</arguments>
<status status="PASS" starttime="20200821 14:13:58.487" endtime="20200821 14:13:58.488"></status>
</kw>
<kw name="Click Link" library="SeleniumLibrary">
<doc>Clicks a link identified by ``locator``.</doc>
<arguments>
<arg>${Home}</arg>
</arguments>
<msg timestamp="20200821 14:13:58.489" level="INFO">Clicking link 'xpath=//a[@class='navbar-brand']'.</msg>
<status status="PASS" starttime="20200821 14:13:58.488" endtime="20200821 14:14:04.604"></status>
</kw>
<kw name="Get Text" library="SeleniumLibrary">
<doc>Returns the text value of the element identified by ``locator``.</doc>
<arguments>
<arg>${Recent Backup Events}</arg>
</arguments>
<assign>
<var>${text4}</var>
</assign>
<msg timestamp="20200821 14:14:08.679" level="INFO">${text4} = Recent Backup Events</msg>
<status status="PASS" starttime="20200821 14:14:04.604" endtime="20200821 14:14:08.679"></status>
</kw>
<kw name="Log To Console" library="BuiltIn">
<doc>Logs the given message to the console.</doc>
<arguments>
<arg>${text4}</arg>
</arguments>
<status status="PASS" starttime="20200821 14:14:08.680" endtime="20200821 14:14:08.681"></status>
</kw>
<kw name="Get Text" library="SeleniumLibrary">
<doc>Returns the text value of the element identified by ``locator``.</doc>
<arguments>
<arg>${Status Resn DHC's}</arg>
</arguments>
<assign>
<var>${text5}</var>
</assign>
<msg timestamp="20200821 14:14:12.744" level="INFO">${text5} = Succeeded</msg>
<status status="PASS" starttime="20200821 14:14:08.682" endtime="20200821 14:14:12.744"></status>
</kw>
<kw name="Log To Console" library="BuiltIn">
<doc>Logs the given message to the console.</doc>
<arguments>
<arg>${text5}</arg>
</arguments>
<status status="PASS" starttime="20200821 14:14:12.745" endtime="20200821 14:14:12.745"></status>
</kw>
<kw name="Get Text" library="SeleniumLibrary">
<doc>Returns the text value of the element identified by ``locator``.</doc>
<arguments>
<arg>${Site}</arg>
</arguments>
<status status="PASS" starttime="20200821 14:14:12.746" endtime="20200821 14:14:16.807"></status>
</kw>
<kw name="Get Element Count" library="SeleniumLibrary">
<doc>Returns the number of elements matching ``locator``.</doc>
<arguments>
<arg>${Recent Backup Events_row}</arg>
</arguments>
<assign>
<var>${count}</var>
</assign>
<msg timestamp="20200821 14:14:18.832" level="INFO">${count} = 1</msg>
<status status="PASS" starttime="20200821 14:14:16.807" endtime="20200821 14:14:18.832"></status>
</kw>
<kw name="Log To Console" library="BuiltIn">
<doc>Logs the given message to the console.</doc>
<arguments>
<arg>No. of Recent Backup Events: ${count}</arg>
</arguments>
<status status="PASS" starttime="20200821 14:14:18.832" endtime="20200821 14:14:18.832"></status>
</kw>
<kw name="Get Element Count" library="SeleniumLibrary">
<doc>Returns the number of elements matching ``locator``.</doc>
<arguments>
<arg>${Rows}</arg>
</arguments>
<assign>
<var>${count}</var>
</assign>
<msg timestamp="20200821 14:14:20.848" level="INFO">${count} = 30</msg>
<status status="PASS" starttime="20200821 14:14:18.833" endtime="20200821 14:14:20.848"></status>
</kw>
<kw name="Log To Console" library="BuiltIn">
<doc>Logs the given message to the console.</doc>
<arguments>
<arg>${count}</arg>
</arguments>
<status status="PASS" starttime="20200821 14:14:20.848" endtime="20200821 14:14:20.850"></status>
</kw>
<kw name="Set Variable If" library="BuiltIn">
<doc>Sets variable based on the given condition.</doc>
<arguments>
<arg>${Expected Value_2}</arg>
<arg>${count}</arg>
</arguments>
<assign>
<var>${Equal}</var>
</assign>
<msg timestamp="20200821 14:14:20.851" level="INFO">${Equal} = 30</msg>
<status status="PASS" starttime="20200821 14:14:20.850" endtime="20200821 14:14:20.851"></status>
</kw>
<kw name="Log To Console" library="BuiltIn">
<doc>Logs the given message to the console.</doc>
<arguments>
<arg>${Equal}</arg>
</arguments>
<assign>
<var>${count}</var>
</assign>
<msg timestamp="20200821 14:14:20.853" level="INFO">${count} = None</msg>
<status status="PASS" starttime="20200821 14:14:20.852" endtime="20200821 14:14:20.853"></status>
</kw>
<kw name="Log To Console" library="BuiltIn">
<doc>Logs the given message to the console.</doc>
<arguments>
<arg>${count}</arg>
</arguments>
<status status="PASS" starttime="20200821 14:14:20.854" endtime="20200821 14:14:20.855"></status>
</kw>
<status status="PASS" starttime="20200821 14:13:58.486" endtime="20200821 14:14:20.855"></status>
</kw>
<status status="PASS" starttime="20200821 14:13:58.485" endtime="20200821 14:14:20.856"></status>
</kw>
<doc>Validate DHC Sections</doc>
<tags>
<tag>Smoke</tag>
</tags>
<status status="PASS" starttime="20200821 14:11:59.706" endtime="20200821 14:14:20.858" critical="yes"></status>
</test>
<kw name="End Web Test" library="Common" type="teardown">
<kw name="Close All Browsers" library="SeleniumLibrary">
<doc>Closes all open browsers and resets the browser cache.</doc>
<status status="PASS" starttime="20200821 14:14:20.867" endtime="20200821 14:14:27.889"></status>
</kw>
<status status="PASS" starttime="20200821 14:14:20.866" endtime="20200821 14:14:27.890"></status>
</kw>
<status status="PASS" starttime="20200821 14:11:59.316" endtime="20200821 14:14:27.890"></status>
</suite>
<suite id="s1-s2" name="DHCSections" source="C:\GIT_Rep\UI\Apps-DHC-Automation\UI_Automation\WebApp\TestCases\Dashboard\TestCases\DHCSections.robot">
<test id="s1-s2-t1" name="TC_Dashboard_Sections">
<kw name="Begin Web Test" library="Common" type="setup">
<kw name="${Firefox Browser} IN [ @{BROWSERS} ]" type="for">
<kw name="${Firefox Browser} = firefox" type="foritem">
<kw name="Open Browser" library="SeleniumLibrary">
<doc>Opens a new browser instance to the optional ``url``.</doc>
<arguments>
<arg>${URL}</arg>
<arg>${Firefox Browser}</arg>
</arguments>
<msg timestamp="20200821 14:14:27.971" level="INFO">Opening browser 'firefox' to base url 'https://qa-swcoe-dhc-automation-web-app.azurewebsites.net/'.</msg>
<msg timestamp="20200821 14:14:27.972" level="INFO">Firefox driver log is always forced to to: C:\GIT_Rep\UI\Apps-DHC-Automation\UI_Automation\WebApp\TestCases\Dashboard\geckodriver-2.log</msg>
<status status="PASS" starttime="20200821 14:14:27.971" endtime="20200821 14:14:40.539"></status>
</kw>
<status status="PASS" starttime="20200821 14:14:27.970" endtime="20200821 14:14:40.539"></status>
</kw>
<kw name="${Firefox Browser} = chrome" type="foritem">
<kw name="Open Browser" library="SeleniumLibrary">
<doc>Opens a new browser instance to the optional ``url``.</doc>
<arguments>
<arg>${URL}</arg>
<arg>${Firefox Browser}</arg>
</arguments>
<msg timestamp="20200821 14:14:40.541" level="INFO">Opening browser 'chrome' to base url 'https://qa-swcoe-dhc-automation-web-app.azurewebsites.net/'.</msg>
<status status="PASS" starttime="20200821 14:14:40.540" endtime="20200821 14:14:48.536"></status>
</kw>
<status status="PASS" starttime="20200821 14:14:40.539" endtime="20200821 14:14:48.536"></status>
</kw>
<status status="PASS" starttime="20200821 14:14:27.970" endtime="20200821 14:14:48.536"></status>
</kw>
<kw name="Set Selenium Timeout" library="SeleniumLibrary">
<doc>Sets the timeout that is used by various keywords.</doc>
<arguments>
<arg>60s</arg>
</arguments>
<status status="PASS" starttime="20200821 14:14:48.537" endtime="20200821 14:14:52.554"></status>
</kw>
<kw name="Wait Until Page Contains" library="SeleniumLibrary">
<doc>Waits until ``text`` appears on the current page.</doc>
<arguments>
<arg>Commercial Cloud Dashboard</arg>
</arguments>
<status status="PASS" starttime="20200821 14:14:52.554" endtime="20200821 14:15:06.745"></status>
</kw>
<kw name="Switch Browser" library="SeleniumLibrary">
<doc>Switches between active browsers using ``index_or_alias``.</doc>
<arguments>
<arg>2</arg>
</arguments>
<status status="PASS" starttime="20200821 14:15:06.745" endtime="20200821 14:15:06.746"></status>
</kw>
<kw name="Maximize Browser Window" library="SeleniumLibrary">
<doc>Maximizes current browser window.</doc>
<status status="PASS" starttime="20200821 14:15:06.747" endtime="20200821 14:15:10.898"></status>
</kw>
<status status="PASS" starttime="20200821 14:14:27.970" endtime="20200821 14:15:10.898"></status>
</kw>
<kw name="Login With Valid Credentials" library="DHCSections">
<kw name="Login" library="LoginWithValidCredentials">
<kw name="Input Text" library="SeleniumLibrary">
<doc>Types the given ``text`` into the text field identified by ``locator``.</doc>
<arguments>
<arg>${LOGIN EMAIL}</arg>
<arg>${VALID USERNAME}</arg>
</arguments>
<msg timestamp="20200821 14:15:10.900" level="INFO">Typing text 'dhc@user.email' into text field 'css:[type='email']'.</msg>
<status status="PASS" starttime="20200821 14:15:10.900" endtime="20200821 14:15:17.062"></status>
</kw>
<kw name="Sleep" library="BuiltIn">
<doc>Pauses the test executed for the given time.</doc>
<arguments>
<arg>3s</arg>
</arguments>
<msg timestamp="20200821 14:15:20.065" level="INFO">Slept 3 seconds</msg>
<status status="PASS" starttime="20200821 14:15:17.063" endtime="20200821 14:15:20.065"></status>
</kw>
<kw name="Input Text" library="SeleniumLibrary">
<doc>Types the given ``text`` into the text field identified by ``locator``.</doc>
<arguments>
<arg>${LOGIN PASSWD}</arg>
<arg>${VALID PASSWORD}</arg>
</arguments>
<msg timestamp="20200821 14:15:20.067" level="INFO">Typing text 'Dhctest01' into text field 'css:[type='password']'.</msg>
<status status="PASS" starttime="20200821 14:15:20.066" endtime="20200821 14:15:26.234"></status>
</kw>
<kw name="Click Button" library="SeleniumLibrary">
<doc>Clicks the button identified by ``locator``.</doc>
<arguments>
<arg>${LOGIN BTN}</arg>
</arguments>
<msg timestamp="20200821 14:15:26.234" level="INFO">Clicking button 'xpath://button[@class='btn btn-primary btn-login']'.</msg>
<status status="PASS" starttime="20200821 14:15:26.234" endtime="20200821 14:15:36.369"></status>
</kw>
<status status="PASS" starttime="20200821 14:15:10.899" endtime="20200821 14:15:36.370"></status>
</kw>
<status status="PASS" starttime="20200821 14:15:10.899" endtime="20200821 14:15:36.370"></status>
</kw>
<kw name="Create Schedule List" library="DHCSections">
<kw name="New Schedule" library="CreateScheduleList">
<kw name="Set Selenium Speed" library="SeleniumLibrary">
<doc>Sets the delay that is waited after each Selenium command.</doc>
<arguments>
<arg>2s</arg>
</arguments>
<status status="PASS" starttime="20200821 14:15:36.376" endtime="20200821 14:15:36.377"></status>
</kw>
<kw name="Set Selenium Implicit Wait" library="SeleniumLibrary">
<doc>Sets the implicit wait value used by Selenium.</doc>
<arguments>
<arg>5s</arg>
</arguments>
<status status="PASS" starttime="20200821 14:15:36.377" endtime="20200821 14:15:40.392"></status>
</kw>
<kw name="Log To Console" library="BuiltIn">
<doc>Logs the given message to the console.</doc>
<arguments>
<arg>"{test}"</arg>
</arguments>
<status status="PASS" starttime="20200821 14:15:40.393" endtime="20200821 14:15:40.394"></status>
</kw>
<kw name="Click Link" library="SeleniumLibrary">
<doc>Clicks a link identified by ``locator``.</doc>
<arguments>
<arg>${Scheduled Events}</arg>
</arguments>
<msg timestamp="20200821 14:15:40.396" level="INFO">Clicking link 'scheduledEvents'.</msg>
<status status="PASS" starttime="20200821 14:15:40.394" endtime="20200821 14:15:46.549"></status>
</kw>
<kw name="Log To Console" library="BuiltIn">
<doc>Logs the given message to the console.</doc>
<arguments>
<arg>Clicked Scheduled Event</arg>
</arguments>
<status status="PASS" starttime="20200821 14:15:46.549" endtime="20200821 14:15:46.550"></status>
</kw>
<kw name="Sleep" library="BuiltIn">
<doc>Pauses the test executed for the given time.</doc>
<arguments>
<arg>2s</arg>
</arguments>
<msg timestamp="20200821 14:15:48.552" level="INFO">Slept 2 seconds</msg>
<status status="PASS" starttime="20200821 14:15:46.550" endtime="20200821 14:15:48.552"></status>
</kw>
<kw name="Click Element" library="SeleniumLibrary">
<doc>Click the element identified by ``locator``.</doc>
<arguments>
<arg>${Create Schedule BTN}</arg>
</arguments>
<msg timestamp="20200821 14:15:48.554" level="INFO">Clicking element 'xpath=//button[3]//div[1]'.</msg>
<status status="PASS" starttime="20200821 14:15:48.553" endtime="20200821 14:15:52.807"></status>
</kw>
<kw name="Log To Console" library="BuiltIn">
<doc>Logs the given message to the console.</doc>
<arguments>
<arg>Clicked Create Scheduled Event button</arg>
</arguments>
<status status="PASS" starttime="20200821 14:15:52.808" endtime="20200821 14:15:52.810"></status>
</kw>
<kw name="Sleep" library="BuiltIn">
<doc>Pauses the test executed for the given time.</doc>
<arguments>
<arg>5s</arg>
</arguments>
<msg timestamp="20200821 14:15:57.812" level="INFO">Slept 5 seconds</msg>
<status status="PASS" starttime="20200821 14:15:52.810" endtime="20200821 14:15:57.812"></status>
</kw>
<kw name="Input Text" library="SeleniumLibrary">
<doc>Types the given ``text`` into the text field identified by ``locator``.</doc>
<arguments>
<arg>${Salesforce project id Input}</arg>
<arg>0060h000016khnmAAA</arg>
</arguments>
<msg timestamp="20200821 14:15:57.812" level="INFO">Typing text '0060h000016khnmAAA' into text field 'xpath=//input[@class='mat-text-field-input mdc-text-field__input']'.</msg>
<status status="PASS" starttime="20200821 14:15:57.812" endtime="20200821 14:16:03.961"></status>
</kw>
<kw name="Sleep" library="BuiltIn">
<doc>Pauses the test executed for the given time.</doc>
<arguments>
<arg>3s</arg>
</arguments>
<msg timestamp="20200821 14:16:06.962" level="INFO">Slept 3 seconds</msg>
<status status="PASS" starttime="20200821 14:16:03.961" endtime="20200821 14:16:06.962"></status>
</kw>
<kw name="Click Button" library="SeleniumLibrary">
<doc>Clicks the button identified by ``locator``.</doc>
<arguments>
<arg>${Search Button}</arg>
</arguments>
<msg timestamp="20200821 14:16:06.963" level="INFO">Clicking button 'xpath=//button[@class='searchable-dropdown-button mdc-button mdc-ripple-upgraded']'.</msg>
<status status="PASS" starttime="20200821 14:16:06.962" endtime="20200821 14:16:17.128"></status>
</kw>
<kw name="Get Text" library="SeleniumLibrary">
<doc>Returns the text value of the element identified by ``locator``.</doc>
<arguments>
<arg>${Site name}</arg>
</arguments>
<assign>
<var>${text1}</var>
</assign>
<msg timestamp="20200821 14:16:21.205" level="INFO">${text1} = Site name</msg>
<status status="PASS" starttime="20200821 14:16:17.129" endtime="20200821 14:16:21.206"></status>
</kw>
<kw name="Log To Console" library="BuiltIn">
<doc>Logs the given message to the console.</doc>
<arguments>
<arg>${text1}</arg>
</arguments>
<status status="PASS" starttime="20200821 14:16:21.206" endtime="20200821 14:16:21.208"></status>
</kw>
<kw name="Get Text" library="SeleniumLibrary">
<doc>Returns the text value of the element identified by ``locator``.</doc>
<arguments>
<arg>${Salesforce project id}</arg>
</arguments>
<assign>
<var>${text2}</var>
</assign>
<msg timestamp="20200821 14:16:25.281" level="INFO">${text2} = Salesforce project id</msg>
<status status="PASS" starttime="20200821 14:16:21.208" endtime="20200821 14:16:25.281"></status>
</kw>
<kw name="Log To Console" library="BuiltIn">
<doc>Logs the given message to the console.</doc>
<arguments>
<arg>${text2}</arg>
</arguments>
<status status="PASS" starttime="20200821 14:16:25.281" endtime="20200821 14:16:25.281"></status>
</kw>
<kw name="Get Text" library="SeleniumLibrary">
<doc>Returns the text value of the element identified by ``locator``.</doc>
<arguments>
<arg>${Mac address}</arg>
</arguments>
<assign>
<var>${text3}</var>
</assign>
<msg timestamp="20200821 14:16:29.305" level="INFO">${text3} = </msg>
<status status="PASS" starttime="20200821 14:16:25.282" endtime="20200821 14:16:29.305"></status>
</kw>
<kw name="Log To Console" library="BuiltIn">
<doc>Logs the given message to the console.</doc>
<arguments>
<arg>${text3}</arg>
</arguments>
<status status="PASS" starttime="20200821 14:16:29.305" endtime="20200821 14:16:29.307"></status>
</kw>
<kw name="Get Text" library="SeleniumLibrary">
<doc>Returns the text value of the element identified by ``locator``.</doc>
<arguments>
<arg>${SalesForce Cradlepoint Info}</arg>
</arguments>
<assign>
<var>${text4}</var>
</assign>
<msg timestamp="20200821 14:16:33.354" level="INFO">${text4} = SalesForce Cradlepoint Info</msg>
<status status="PASS" starttime="20200821 14:16:29.308" endtime="20200821 14:16:33.355"></status>
</kw>
<kw name="Log To Console" library="BuiltIn">
<doc>Logs the given message to the console.</doc>
<arguments>
<arg>${text4}</arg>
</arguments>
<status status="PASS" starttime="20200821 14:16:33.355" endtime="20200821 14:16:33.357"></status>
</kw>
<kw name="Input Text" library="SeleniumLibrary">
<doc>Types the given ``text`` into the text field identified by ``locator``.</doc>
<arguments>
<arg>${Case Number}</arg>
<arg>03941202</arg>
</arguments>
<msg timestamp="20200821 14:16:33.359" level="INFO">Typing text '03941202' into text field 'xpath=//div[5]//label[1]//input[1]'.</msg>
<status status="PASS" starttime="20200821 14:16:33.357" endtime="20200821 14:16:39.528"></status>
</kw>
<kw name="Click Element" library="SeleniumLibrary">
<doc>Click the element identified by ``locator``.</doc>
<arguments>
<arg>${HH}</arg>
</arguments>
<msg timestamp="20200821 14:16:39.528" level="INFO">Clicking element 'xpath=//label[1]//div[1]//i[1]'.</msg>
<status status="PASS" starttime="20200821 14:16:39.528" endtime="20200821 14:16:43.651"></status>
</kw>
<kw name="Scroll Element Into View" library="SeleniumLibrary">
<doc>Scrolls the element identified by ``locator`` into view.</doc>
<arguments>
<arg>${Click Radio Button}</arg>
</arguments>
<status status="PASS" starttime="20200821 14:16:43.652" endtime="20200821 14:16:47.982"></status>
</kw>
<kw name="Click Button" library="SeleniumLibrary">
<doc>Clicks the button identified by ``locator``.</doc>
<arguments>
<arg>${Click Radio Button}</arg>
</arguments>
<msg timestamp="20200821 14:16:47.983" level="INFO">Clicking button 'id=PingOnly'.</msg>
<status status="PASS" starttime="20200821 14:16:47.982" endtime="20200821 14:16:54.065"></status>
</kw>
<kw name="Click Element" library="SeleniumLibrary">
<doc>Click the element identified by ``locator``.</doc>
<arguments>
<arg>${Click Create Button}</arg>
</arguments>
<msg timestamp="20200821 14:16:54.066" level="INFO">Clicking element 'xpath=//html//body//app//div//div//form//button//div'.</msg>
<status status="PASS" starttime="20200821 14:16:54.065" endtime="20200821 14:16:58.178"></status>
</kw>
<kw name="Sleep" library="BuiltIn">
<doc>Pauses the test executed for the given time.</doc>
<arguments>
<arg>5s</arg>
</arguments>
<msg timestamp="20200821 14:17:03.180" level="INFO">Slept 5 seconds</msg>
<status status="PASS" starttime="20200821 14:16:58.178" endtime="20200821 14:17:03.180"></status>
</kw>
<status status="PASS" starttime="20200821 14:15:36.374" endtime="20200821 14:17:03.180"></status>
</kw>
<status status="PASS" starttime="20200821 14:15:36.372" endtime="20200821 14:17:03.181"></status>
</kw>
<kw name="Validation of Upcoming DHCs section" library="DHCSections">
<kw name="Upcoming DHCs section" library="Sections">
<kw name="Set Selenium Speed" library="SeleniumLibrary">
<doc>Sets the delay that is waited after each Selenium command.</doc>
<arguments>
<arg>2s</arg>
</arguments>
<status status="PASS" starttime="20200821 14:17:03.185" endtime="20200821 14:17:03.186"></status>
</kw>
<kw name="Set Selenium Implicit Wait" library="SeleniumLibrary">
<doc>Sets the implicit wait value used by Selenium.</doc>
<arguments>
<arg>5s</arg>
</arguments>
<status status="PASS" starttime="20200821 14:17:03.187" endtime="20200821 14:17:07.205"></status>
</kw>
<kw name="Click Link" library="SeleniumLibrary">
<doc>Clicks a link identified by ``locator``.</doc>
<arguments>
<arg>${Home Button}</arg>
</arguments>
<msg timestamp="20200821 14:17:07.205" level="INFO">Clicking link 'link=DHC-Automation'.</msg>
<status status="PASS" starttime="20200821 14:17:07.205" endtime="20200821 14:17:13.349"></status>
</kw>
<status status="PASS" starttime="20200821 14:17:03.184" endtime="20200821 14:17:13.349"></status>
</kw>
<status status="PASS" starttime="20200821 14:17:03.183" endtime="20200821 14:17:13.349"></status>
</kw>
<kw name="Validation of DHCs ready for review section" library="DHCSections">
<kw name="DHCs ready for review section" library="Sections">
<kw name="Set Selenium Speed" library="SeleniumLibrary">
<doc>Sets the delay that is waited after each Selenium command.</doc>
<arguments>
<arg>1s</arg>
</arguments>
<status status="PASS" starttime="20200821 14:17:13.350" endtime="20200821 14:17:13.351"></status>
</kw>
<status status="PASS" starttime="20200821 14:17:13.350" endtime="20200821 14:17:13.351"></status>
</kw>
<status status="PASS" starttime="20200821 14:17:13.350" endtime="20200821 14:17:13.351"></status>
</kw>
<kw name="Validation of Cases needing intro call" library="DHCSections">
<kw name="Cases needing intro call section" library="Sections">
<kw name="Set Selenium Speed" library="SeleniumLibrary">
<doc>Sets the delay that is waited after each Selenium command.</doc>
<arguments>
<arg>1s</arg>
</arguments>
<status status="PASS" starttime="20200821 14:17:13.352" endtime="20200821 14:17:13.352"></status>
</kw>
<status status="PASS" starttime="20200821 14:17:13.352" endtime="20200821 14:17:13.353"></status>
</kw>
<status status="PASS" starttime="20200821 14:17:13.352" endtime="20200821 14:17:13.353"></status>
</kw>
<kw name="Validation of Cases needing Modem Activation" library="DHCSections">
<kw name="Cases needing Modem Activation" library="Sections">
<kw name="Set Selenium Speed" library="SeleniumLibrary">
<doc>Sets the delay that is waited after each Selenium command.</doc>
<arguments>
<arg>1s</arg>
</arguments>
<status status="PASS" starttime="20200821 14:17:13.354" endtime="20200821 14:17:13.354"></status>
</kw>
<status status="PASS" starttime="20200821 14:17:13.353" endtime="20200821 14:17:13.354"></status>
</kw>
<status status="PASS" starttime="20200821 14:17:13.353" endtime="20200821 14:17:13.354"></status>
</kw>
<kw name="Validation of Sites ready for SRC" library="DHCSections">
<kw name="Sites ready for SRC" library="Sections">
<kw name="Set Selenium Speed" library="SeleniumLibrary">
<doc>Sets the delay that is waited after each Selenium command.</doc>
<arguments>
<arg>1s</arg>
</arguments>
<status status="PASS" starttime="20200821 14:17:13.355" endtime="20200821 14:17:13.355"></status>
</kw>
<status status="PASS" starttime="20200821 14:17:13.355" endtime="20200821 14:17:13.356"></status>
</kw>
<status status="PASS" starttime="20200821 14:17:13.355" endtime="20200821 14:17:13.356"></status>
</kw>
<doc>Validate DHC Sections</doc>
<tags>
<tag>Smoke</tag>
</tags>
<status status="PASS" starttime="20200821 14:14:27.966" endtime="20200821 14:17:13.356" critical="yes"></status>
</test>
<kw name="End Web Test" library="Common" type="teardown">
<kw name="Close All Browsers" library="SeleniumLibrary">
<doc>Closes all open browsers and resets the browser cache.</doc>
<status status="PASS" starttime="20200821 14:17:13.358" endtime="20200821 14:17:18.263"></status>
</kw>
<status status="PASS" starttime="20200821 14:17:13.358" endtime="20200821 14:17:18.264"></status>
</kw>
<status status="PASS" starttime="20200821 14:14:27.901" endtime="20200821 14:17:18.264"></status>
</suite>
<suite id="s1-s3" name="ExecutionDetails" source="C:\GIT_Rep\UI\Apps-DHC-Automation\UI_Automation\WebApp\TestCases\Dashboard\TestCases\ExecutionDetails.robot">
<test id="s1-s3-t1" name="TC_Execution details page">
<kw name="Begin Web Test" library="Common" type="setup">
<kw name="${Firefox Browser} IN [ @{BROWSERS} ]" type="for">
<kw name="${Firefox Browser} = firefox" type="foritem">
<kw name="Open Browser" library="SeleniumLibrary">
<doc>Opens a new browser instance to the optional ``url``.</doc>
<arguments>
<arg>${URL}</arg>
<arg>${Firefox Browser}</arg>
</arguments>
<msg timestamp="20200821 14:17:18.331" level="INFO">Opening browser 'firefox' to base url 'https://qa-swcoe-dhc-automation-web-app.azurewebsites.net/'.</msg>
<msg timestamp="20200821 14:17:18.333" level="INFO">Firefox driver log is always forced to to: C:\GIT_Rep\UI\Apps-DHC-Automation\UI_Automation\WebApp\TestCases\Dashboard\geckodriver-3.log</msg>
<status status="PASS" starttime="20200821 14:17:18.331" endtime="20200821 14:17:29.189"></status>
</kw>
<status status="PASS" starttime="20200821 14:17:18.331" endtime="20200821 14:17:29.189"></status>
</kw>
<kw name="${Firefox Browser} = chrome" type="foritem">
<kw name="Open Browser" library="SeleniumLibrary">
<doc>Opens a new browser instance to the optional ``url``.</doc>
<arguments>
<arg>${URL}</arg>
<arg>${Firefox Browser}</arg>
</arguments>
<msg timestamp="20200821 14:17:29.189" level="INFO">Opening browser 'chrome' to base url 'https://qa-swcoe-dhc-automation-web-app.azurewebsites.net/'.</msg>
<status status="PASS" starttime="20200821 14:17:29.189" endtime="20200821 14:17:36.187"></status>
</kw>
<status status="PASS" starttime="20200821 14:17:29.189" endtime="20200821 14:17:36.187"></status>
</kw>
<status status="PASS" starttime="20200821 14:17:18.331" endtime="20200821 14:17:36.187"></status>
</kw>
<kw name="Set Selenium Timeout" library="SeleniumLibrary">
<doc>Sets the timeout that is used by various keywords.</doc>
<arguments>
<arg>60s</arg>
</arguments>
<status status="PASS" starttime="20200821 14:17:36.188" endtime="20200821 14:17:38.200"></status>
</kw>
<kw name="Wait Until Page Contains" library="SeleniumLibrary">
<doc>Waits until ``text`` appears on the current page.</doc>
<arguments>
<arg>Commercial Cloud Dashboard</arg>
</arguments>
<status status="PASS" starttime="20200821 14:17:38.200" endtime="20200821 14:17:58.450"></status>
</kw>
<kw name="Switch Browser" library="SeleniumLibrary">
<doc>Switches between active browsers using ``index_or_alias``.</doc>
<arguments>
<arg>2</arg>
</arguments>
<status status="PASS" starttime="20200821 14:17:58.450" endtime="20200821 14:17:58.451"></status>
</kw>
<kw name="Maximize Browser Window" library="SeleniumLibrary">
<doc>Maximizes current browser window.</doc>
<status status="PASS" starttime="20200821 14:17:58.451" endtime="20200821 14:18:01.592"></status>
</kw>
<status status="PASS" starttime="20200821 14:17:18.331" endtime="20200821 14:18:01.593"></status>
</kw>
<kw name="Login With Valid Credentials" library="DetailsPage">
<kw name="Login" library="LoginWithValidCredentials">
<kw name="Input Text" library="SeleniumLibrary">
<doc>Types the given ``text`` into the text field identified by ``locator``.</doc>
<arguments>
<arg>${LOGIN EMAIL}</arg>
<arg>${VALID USERNAME}</arg>
</arguments>
<msg timestamp="20200821 14:18:01.599" level="INFO">Typing text 'dhc@user.email' into text field 'css:[type='email']'.</msg>
<status status="PASS" starttime="20200821 14:18:01.598" endtime="20200821 14:18:04.791"></status>
</kw>
<kw name="Sleep" library="BuiltIn">
<doc>Pauses the test executed for the given time.</doc>
<arguments>
<arg>3s</arg>
</arguments>
<msg timestamp="20200821 14:18:07.792" level="INFO">Slept 3 seconds</msg>
<status status="PASS" starttime="20200821 14:18:04.792" endtime="20200821 14:18:07.792"></status>
</kw>
<kw name="Input Text" library="SeleniumLibrary">
<doc>Types the given ``text`` into the text field identified by ``locator``.</doc>
<arguments>
<arg>${LOGIN PASSWD}</arg>
<arg>${VALID PASSWORD}</arg>
</arguments>
<msg timestamp="20200821 14:18:07.795" level="INFO">Typing text 'Dhctest01' into text field 'css:[type='password']'.</msg>
<status status="PASS" starttime="20200821 14:18:07.793" endtime="20200821 14:18:10.969"></status>
</kw>
<kw name="Click Button" library="SeleniumLibrary">
<doc>Clicks the button identified by ``locator``.</doc>
<arguments>
<arg>${LOGIN BTN}</arg>
</arguments>
<msg timestamp="20200821 14:18:10.971" level="INFO">Clicking button 'xpath://button[@class='btn btn-primary btn-login']'.</msg>
<status status="PASS" starttime="20200821 14:18:10.970" endtime="20200821 14:18:16.145"></status>
</kw>
<status status="PASS" starttime="20200821 14:18:01.597" endtime="20200821 14:18:16.145"></status>
</kw>
<status status="PASS" starttime="20200821 14:18:01.595" endtime="20200821 14:18:16.145"></status>
</kw>
<kw name="Details Page" library="DetailsPage">
<kw name="Open Details Page And Download File" library="ValidationDetailsPage">
<kw name="Set Selenium Speed" library="SeleniumLibrary">
<doc>Sets the delay that is waited after each Selenium command.</doc>
<arguments>
<arg>2s</arg>
</arguments>
<status status="PASS" starttime="20200821 14:18:16.146" endtime="20200821 14:18:16.146"></status>
</kw>
<kw name="Set Selenium Implicit Wait" library="SeleniumLibrary">
<doc>Sets the implicit wait value used by Selenium.</doc>
<arguments>
<arg>5s</arg>
</arguments>
<status status="PASS" starttime="20200821 14:18:16.146" endtime="20200821 14:18:20.156"></status>
</kw>
<kw name="Click Link" library="SeleniumLibrary">
<doc>Clicks a link identified by ``locator``.</doc>
<arguments>
<arg>${Scheduled Events}</arg>
</arguments>
<msg timestamp="20200821 14:18:20.157" level="INFO">Clicking link 'scheduledEvents'.</msg>
<status status="PASS" starttime="20200821 14:18:20.157" endtime="20200821 14:18:26.387"></status>
</kw>
<kw name="Wait Until Page Contains" library="SeleniumLibrary">
<doc>Waits until ``text`` appears on the current page.</doc>
<arguments>
<arg>Event type</arg>
</arguments>
<status status="PASS" starttime="20200821 14:18:26.388" endtime="20200821 14:18:29.681"></status>
</kw>
<status status="PASS" starttime="20200821 14:18:16.146" endtime="20200821 14:18:29.681"></status>
</kw>
<kw name="Validation Of Data On Schedule Execution Page" library="ValidationDetailsPage">
<kw name="Click Link" library="SeleniumLibrary">
<doc>Clicks a link identified by ``locator``.</doc>
<arguments>
<arg>${Scheduled Events}</arg>
</arguments>
<msg timestamp="20200821 14:18:29.682" level="INFO">Clicking link 'scheduledEvents'.</msg>
<status status="PASS" starttime="20200821 14:18:29.682" endtime="20200821 14:18:35.749"></status>
</kw>
<kw name="Set Selenium Implicit Wait" library="SeleniumLibrary">
<doc>Sets the implicit wait value used by Selenium.</doc>
<arguments>
<arg>5s</arg>
</arguments>
<status status="PASS" starttime="20200821 14:18:35.750" endtime="20200821 14:18:39.774"></status>
</kw>
<kw name="Click Button" library="SeleniumLibrary">
<doc>Clicks the button identified by ``locator``.</doc>
<arguments>
<arg>${Details Button}</arg>
</arguments>
<msg timestamp="20200821 14:18:39.775" level="INFO">Clicking button 'xpath=//tr[1]//button[1][contains(.,'Details')]'.</msg>
<status status="PASS" starttime="20200821 14:18:39.774" endtime="20200821 14:18:49.954"></status>
</kw>
<kw name="Wait Until Page Contains" library="SeleniumLibrary">
<doc>Waits until ``text`` appears on the current page.</doc>
<arguments>
<arg>File Uploaded</arg>
</arguments>
<status status="PASS" starttime="20200821 14:18:49.955" endtime="20200821 14:18:53.766"></status>
</kw>
<kw name="Get Text" library="SeleniumLibrary">
<doc>Returns the text value of the element identified by ``locator``.</doc>
<arguments>
<arg>${List Data}</arg>
</arguments>
<assign>
<var>${count}</var>
</assign>
<msg timestamp="20200821 14:18:57.792" level="INFO">${count} = WS - FY14 MCON PROJECT P-863</msg>
<status status="PASS" starttime="20200821 14:18:53.766" endtime="20200821 14:18:57.792"></status>
</kw>
<kw name="Log To Console" library="BuiltIn">
<doc>Logs the given message to the console.</doc>
<arguments>
<arg>${count}</arg>
</arguments>
<assign>
<var>${count}</var>
</assign>
<msg timestamp="20200821 14:18:57.795" level="INFO">${count} = None</msg>
<status status="PASS" starttime="20200821 14:18:57.793" endtime="20200821 14:18:57.795"></status>
</kw>
<status status="PASS" starttime="20200821 14:18:29.681" endtime="20200821 14:18:57.796"></status>
</kw>
<kw name="Validation Salesforce Number And Site" library="ValidationDetailsPage">
<kw name="Click Link" library="SeleniumLibrary">
<doc>Clicks a link identified by ``locator``.</doc>
<arguments>
<arg>${Scheduled Events}</arg>
</arguments>
<msg timestamp="20200821 14:18:57.799" level="INFO">Clicking link 'scheduledEvents'.</msg>
<status status="PASS" starttime="20200821 14:18:57.798" endtime="20200821 14:19:03.895"></status>
</kw>
<kw name="Set Selenium Implicit Wait" library="SeleniumLibrary">
<doc>Sets the implicit wait value used by Selenium.</doc>
<arguments>
<arg>5s</arg>
</arguments>
<status status="PASS" starttime="20200821 14:19:03.896" endtime="20200821 14:19:07.915"></status>
</kw>
<kw name="Click Button" library="SeleniumLibrary">
<doc>Clicks the button identified by ``locator``.</doc>
<arguments>
<arg>${Details Button}</arg>
</arguments>
<msg timestamp="20200821 14:19:07.915" level="INFO">Clicking button 'xpath=//tr[1]//button[1][contains(.,'Details')]'.</msg>
<status status="PASS" starttime="20200821 14:19:07.915" endtime="20200821 14:19:18.084"></status>
</kw>
<kw name="Get Text" library="SeleniumLibrary">
<doc>Returns the text value of the element identified by ``locator``.</doc>
<arguments>
<arg>${Field_1}</arg>
</arguments>
<status status="PASS" starttime="20200821 14:19:18.085" endtime="20200821 14:19:23.596"></status>
</kw>
<kw name="Get Text" library="SeleniumLibrary">
<doc>Returns the text value of the element identified by ``locator``.</doc>
<arguments>
<arg>${Field_2}</arg>
</arguments>
<status status="PASS" starttime="20200821 14:19:23.597" endtime="20200821 14:19:27.639"></status>
</kw>
<kw name="Should Not Be Equal As Strings" library="BuiltIn">
<doc>Fails if objects are equal after converting them to strings.</doc>
<arguments>
<arg>${Field_1}</arg>
<arg>${Field_2}</arg>
</arguments>
<assign>
<var>${Equal}</var>
</assign>
<msg timestamp="20200821 14:19:27.641" level="INFO">${Equal} = None</msg>
<status status="PASS" starttime="20200821 14:19:27.640" endtime="20200821 14:19:27.641"></status>
</kw>
<kw name="Log To Console" library="BuiltIn">
<doc>Logs the given message to the console.</doc>
<arguments>
<arg>${Field_1}</arg>
<arg>${Field_2}</arg>
</arguments>
<assign>
<var>${Equal}</var>
</assign>
<msg timestamp="20200821 14:19:27.644" level="INFO">${Equal} = None</msg>
<status status="PASS" starttime="20200821 14:19:27.642" endtime="20200821 14:19:27.644"></status>
</kw>
<status status="PASS" starttime="20200821 14:18:57.797" endtime="20200821 14:19:27.645"></status>
</kw>
<status status="PASS" starttime="20200821 14:18:16.146" endtime="20200821 14:19:27.646"></status>
</kw>
<doc>Validation for execution details page</doc>
<tags>
<tag>Smoke</tag>
</tags>
<status status="PASS" starttime="20200821 14:17:18.326" endtime="20200821 14:19:27.651" critical="yes"></status>
</test>
<kw name="End Web Test" library="Common" type="teardown">
<kw name="Close All Browsers" library="SeleniumLibrary">
<doc>Closes all open browsers and resets the browser cache.</doc>
<status status="PASS" starttime="20200821 14:19:27.659" endtime="20200821 14:19:34.679"></status>
</kw>
<status status="PASS" starttime="20200821 14:19:27.658" endtime="20200821 14:19:34.679"></status>
</kw>
<status status="PASS" starttime="20200821 14:17:18.273" endtime="20200821 14:19:34.679"></status>
</suite>
<suite id="s1-s4" name="SRCDashboard" source="C:\GIT_Rep\UI\Apps-DHC-Automation\UI_Automation\WebApp\TestCases\Dashboard\TestCases\SRCDashboard.robot">
<test id="s1-s4-t1" name="TC_Dashboard_Sections">
<kw name="Begin Web Test" library="Common" type="setup">
<kw name="${Firefox Browser} IN [ @{BROWSERS} ]" type="for">
<kw name="${Firefox Browser} = firefox" type="foritem">
<kw name="Open Browser" library="SeleniumLibrary">
<doc>Opens a new browser instance to the optional ``url``.</doc>
<arguments>
<arg>${URL}</arg>
<arg>${Firefox Browser}</arg>
</arguments>
<msg timestamp="20200821 14:19:34.722" level="INFO">Opening browser 'firefox' to base url 'https://qa-swcoe-dhc-automation-web-app.azurewebsites.net/'.</msg>
<msg timestamp="20200821 14:19:34.724" level="INFO">Firefox driver log is always forced to to: C:\GIT_Rep\UI\Apps-DHC-Automation\UI_Automation\WebApp\TestCases\Dashboard\geckodriver-4.log</msg>
<status status="PASS" starttime="20200821 14:19:34.722" endtime="20200821 14:19:47.678"></status>
</kw>
<status status="PASS" starttime="20200821 14:19:34.722" endtime="20200821 14:19:47.678"></status>
</kw>
<kw name="${Firefox Browser} = chrome" type="foritem">
<kw name="Open Browser" library="SeleniumLibrary">
<doc>Opens a new browser instance to the optional ``url``.</doc>
<arguments>
<arg>${URL}</arg>
<arg>${Firefox Browser}</arg>
</arguments>
<msg timestamp="20200821 14:19:47.680" level="INFO">Opening browser 'chrome' to base url 'https://qa-swcoe-dhc-automation-web-app.azurewebsites.net/'.</msg>
<status status="PASS" starttime="20200821 14:19:47.679" endtime="20200821 14:19:55.673"></status>
</kw>
<status status="PASS" starttime="20200821 14:19:47.679" endtime="20200821 14:19:55.673"></status>
</kw>
<status status="PASS" starttime="20200821 14:19:34.722" endtime="20200821 14:19:55.673"></status>
</kw>
<kw name="Set Selenium Timeout" library="SeleniumLibrary">
<doc>Sets the timeout that is used by various keywords.</doc>
<arguments>
<arg>60s</arg>
</arguments>
<status status="PASS" starttime="20200821 14:19:55.673" endtime="20200821 14:19:59.682"></status>
</kw>
<kw name="Wait Until Page Contains" library="SeleniumLibrary">
<doc>Waits until ``text`` appears on the current page.</doc>
<arguments>
<arg>Commercial Cloud Dashboard</arg>
</arguments>
<status status="PASS" starttime="20200821 14:19:59.682" endtime="20200821 14:20:04.556"></status>
</kw>
<kw name="Switch Browser" library="SeleniumLibrary">
<doc>Switches between active browsers using ``index_or_alias``.</doc>
<arguments>
<arg>2</arg>
</arguments>
<status status="PASS" starttime="20200821 14:20:04.556" endtime="20200821 14:20:04.556"></status>
</kw>
<kw name="Maximize Browser Window" library="SeleniumLibrary">
<doc>Maximizes current browser window.</doc>
<status status="PASS" starttime="20200821 14:20:04.556" endtime="20200821 14:20:08.698"></status>
</kw>
<status status="PASS" starttime="20200821 14:19:34.722" endtime="20200821 14:20:08.698"></status>
</kw>
<kw name="Login With Valid Credentials" library="SRCDashboard">
<kw name="Login" library="LoginWithValidCredentials">
<kw name="Input Text" library="SeleniumLibrary">
<doc>Types the given ``text`` into the text field identified by ``locator``.</doc>
<arguments>
<arg>${LOGIN EMAIL}</arg>
<arg>${VALID USERNAME}</arg>
</arguments>
<msg timestamp="20200821 14:20:08.700" level="INFO">Typing text 'dhc@user.email' into text field 'css:[type='email']'.</msg>
<status status="PASS" starttime="20200821 14:20:08.699" endtime="20200821 14:20:14.848"></status>
</kw>
<kw name="Sleep" library="BuiltIn">
<doc>Pauses the test executed for the given time.</doc>
<arguments>
<arg>3s</arg>
</arguments>
<msg timestamp="20200821 14:20:17.851" level="INFO">Slept 3 seconds</msg>
<status status="PASS" starttime="20200821 14:20:14.848" endtime="20200821 14:20:17.852"></status>
</kw>
<kw name="Input Text" library="SeleniumLibrary">
<doc>Types the given ``text`` into the text field identified by ``locator``.</doc>
<arguments>
<arg>${LOGIN PASSWD}</arg>
<arg>${VALID PASSWORD}</arg>
</arguments>
<msg timestamp="20200821 14:20:17.853" level="INFO">Typing text 'Dhctest01' into text field 'css:[type='password']'.</msg>
<status status="PASS" starttime="20200821 14:20:17.852" endtime="20200821 14:20:24.054"></status>
</kw>
<kw name="Click Button" library="SeleniumLibrary">
<doc>Clicks the button identified by ``locator``.</doc>
<arguments>
<arg>${LOGIN BTN}</arg>
</arguments>
<msg timestamp="20200821 14:20:24.056" level="INFO">Clicking button 'xpath://button[@class='btn btn-primary btn-login']'.</msg>
<status status="PASS" starttime="20200821 14:20:24.055" endtime="20200821 14:20:34.268"></status>
</kw>
<status status="PASS" starttime="20200821 14:20:08.699" endtime="20200821 14:20:34.268"></status>
</kw>
<status status="PASS" starttime="20200821 14:20:08.699" endtime="20200821 14:20:34.268"></status>
</kw>
<kw name="Validation of Cases needing intro call" library="SRCDashboard">
<kw name="Cases needing intro call section" library="SRCPage">
<kw name="Set Selenium Speed" library="SeleniumLibrary">
<doc>Sets the delay that is waited after each Selenium command.</doc>
<arguments>
<arg>2s</arg>
</arguments>
<status status="PASS" starttime="20200821 14:20:34.269" endtime="20200821 14:20:34.269"></status>
</kw>
<kw name="Set Selenium Implicit Wait" library="SeleniumLibrary">
<doc>Sets the implicit wait value used by Selenium.</doc>
<arguments>
<arg>5s</arg>
</arguments>
<status status="PASS" starttime="20200821 14:20:34.270" endtime="20200821 14:20:38.278"></status>
</kw>
<kw name="Click Link" library="SeleniumLibrary">
<doc>Clicks a link identified by ``locator``.</doc>
<arguments>
<arg>${SRC Dashboard}</arg>
</arguments>
<msg timestamp="20200821 14:20:38.278" level="INFO">Clicking link 'SrcDashboard'.</msg>
<status status="PASS" starttime="20200821 14:20:38.278" endtime="20200821 14:20:44.496"></status>
</kw>
<kw name="Click Link" library="SeleniumLibrary">
<doc>Clicks a link identified by ``locator``.</doc>
<arguments>
<arg>${Salesforce Cases}</arg>
</arguments>
<msg timestamp="20200821 14:20:44.497" level="INFO">Clicking link 'salesforcecases'.</msg>
<status status="PASS" starttime="20200821 14:20:44.496" endtime="20200821 14:20:50.698"></status>
</kw>
<kw name="Wait Until Page Contains" library="SeleniumLibrary">
<doc>Waits until ``text`` appears on the current page.</doc>
<arguments>
<arg>Needing Intro Call</arg>
</arguments>
<status status="PASS" starttime="20200821 14:20:50.698" endtime="20200821 14:20:52.710"></status>
</kw>
<kw name="Select Checkbox" library="SeleniumLibrary">
<doc>Selects the checkbox identified by ``locator``.</doc>
<arguments>
<arg>${Needing Intro Call}</arg>
</arguments>
<msg timestamp="20200821 14:20:52.712" level="INFO">Selecting checkbox 'xpath=//input[@id='inlineCheckbox1']'.</msg>
<status status="PASS" starttime="20200821 14:20:52.711" endtime="20200821 14:21:02.872"></status>
</kw>
<kw name="Click Button" library="SeleniumLibrary">
<doc>Clicks the button identified by ``locator``.</doc>
<arguments>
<arg>${Filter Button}</arg>
</arguments>
<msg timestamp="20200821 14:21:02.874" level="INFO">Clicking button 'xpath=//button[contains(text(),'Filter')]'.</msg>
<status status="PASS" starttime="20200821 14:21:02.873" endtime="20200821 14:21:13.001"></status>
</kw>
<kw name="Get Text" library="SeleniumLibrary">
<doc>Returns the text value of the element identified by ``locator``.</doc>
<arguments>
<arg>${Case num intro call}</arg>
</arguments>
<assign>
<var>${text1}</var>
</assign>
<msg timestamp="20200821 14:21:17.052" level="INFO">${text1} = 03941202</msg>
<status status="PASS" starttime="20200821 14:21:13.001" endtime="20200821 14:21:17.052"></status>
</kw>
<kw name="Should Be Equal As Strings" library="BuiltIn">
<doc>Fails if objects are unequal after converting them to strings.</doc>
<arguments>
<arg>${Case num intro call}</arg>
<arg>${Case num intro call}</arg>
</arguments>
<assign>
<var>${text1}</var>
</assign>
<msg timestamp="20200821 14:21:17.054" level="INFO">${text1} = None</msg>
<status status="PASS" starttime="20200821 14:21:17.053" endtime="20200821 14:21:17.054"></status>
</kw>
<kw name="Log To Console" library="BuiltIn">
<doc>Logs the given message to the console.</doc>
<arguments>
<arg>${text1}</arg>
</arguments>
<status status="PASS" starttime="20200821 14:21:17.055" endtime="20200821 14:21:17.056"></status>
</kw>
<status status="PASS" starttime="20200821 14:20:34.269" endtime="20200821 14:21:17.057"></status>
</kw>
<status status="PASS" starttime="20200821 14:20:34.269" endtime="20200821 14:21:17.057"></status>
</kw>
<kw name="Validation of Cases needing Modem Activation" library="SRCDashboard">
<kw name="Cases needing Modem Activation" library="SRCPage">
<kw name="Set Selenium Speed" library="SeleniumLibrary">
<doc>Sets the delay that is waited after each Selenium command.</doc>
<arguments>
<arg>2s</arg>
</arguments>
<status status="PASS" starttime="20200821 14:21:17.062" endtime="20200821 14:21:17.063"></status>
</kw>
<kw name="Click Link" library="SeleniumLibrary">
<doc>Clicks a link identified by ``locator``.</doc>
<arguments>
<arg>${SRC Dashboard}</arg>
</arguments>
<msg timestamp="20200821 14:21:17.065" level="INFO">Clicking link 'SrcDashboard'.</msg>
<status status="PASS" starttime="20200821 14:21:17.063" endtime="20200821 14:21:23.187"></status>
</kw>
<kw name="Set Selenium Implicit Wait" library="SeleniumLibrary">
<doc>Sets the implicit wait value used by Selenium.</doc>
<arguments>
<arg>5s</arg>
</arguments>
<status status="PASS" starttime="20200821 14:21:23.187" endtime="20200821 14:21:27.213"></status>
</kw>
<kw name="Get Text" library="SeleniumLibrary">
<doc>Returns the text value of the element identified by ``locator``.</doc>
<arguments>
<arg>${Review2}</arg>
</arguments>
<assign>
<var>${text2}</var>
</assign>
<msg timestamp="20200821 14:21:31.245" level="INFO">${text2} = Cases needing Modem Activation</msg>
<status status="PASS" starttime="20200821 14:21:27.213" endtime="20200821 14:21:31.245"></status>
</kw>
<kw name="Log To Console" library="BuiltIn">
<doc>Logs the given message to the console.</doc>
<arguments>
<arg>${text2}</arg>
</arguments>
<status status="PASS" starttime="20200821 14:21:31.246" endtime="20200821 14:21:31.247"></status>
</kw>
<status status="PASS" starttime="20200821 14:21:17.061" endtime="20200821 14:21:31.248"></status>
</kw>
<status status="PASS" starttime="20200821 14:21:17.060" endtime="20200821 14:21:31.248"></status>
</kw>
<kw name="Validation of Sites ready for SRC" library="SRCDashboard">
<kw name="Sites ready for SRC" library="SRCPage">
<kw name="Set Selenium Speed" library="SeleniumLibrary">
<doc>Sets the delay that is waited after each Selenium command.</doc>
<arguments>
<arg>2s</arg>
</arguments>
<status status="PASS" starttime="20200821 14:21:31.259" endtime="20200821 14:21:31.260"></status>
</kw>
<kw name="Get Text" library="SeleniumLibrary">
<doc>Returns the text value of the element identified by ``locator``.</doc>
<arguments>
<arg>${Review3}</arg>
</arguments>
<assign>
<var>${review_text3}</var>
</assign>
<msg timestamp="20200821 14:21:35.324" level="INFO">${review_text3} = Opportunity ready for SRC</msg>
<status status="PASS" starttime="20200821 14:21:31.260" endtime="20200821 14:21:35.324"></status>
</kw>
<kw name="Log To Console" library="BuiltIn">
<doc>Logs the given message to the console.</doc>
<arguments>
<arg>${review_text3}</arg>
</arguments>
<status status="PASS" starttime="20200821 14:21:35.325" endtime="20200821 14:21:35.326"></status>
</kw>
<kw name="Set Selenium Implicit Wait" library="SeleniumLibrary">
<doc>Sets the implicit wait value used by Selenium.</doc>
<arguments>
<arg>5s</arg>
</arguments>
<status status="PASS" starttime="20200821 14:21:35.326" endtime="20200821 14:21:39.339"></status>
</kw>
<kw name="Click Link" library="SeleniumLibrary">
<doc>Clicks a link identified by ``locator``.</doc>
<arguments>
<arg>${SRC Dashboard}</arg>
</arguments>
<msg timestamp="20200821 14:21:39.339" level="INFO">Clicking link 'SrcDashboard'.</msg>
<status status="PASS" starttime="20200821 14:21:39.339" endtime="20200821 14:21:45.434"></status>
</kw>
<kw name="Wait Until Page Contains" library="SeleniumLibrary">
<doc>Waits until ``text`` appears on the current page.</doc>
<arguments>
<arg>Cases needing intro call</arg>
</arguments>
<status status="PASS" starttime="20200821 14:21:45.434" endtime="20200821 14:21:47.457"></status>
</kw>
<kw name="Click Link" library="SeleniumLibrary">
<doc>Clicks a link identified by ``locator``.</doc>
<arguments>
<arg>${Salesforce Cases}</arg>
</arguments>
<msg timestamp="20200821 14:21:47.458" level="INFO">Clicking link 'salesforcecases'.</msg>
<status status="PASS" starttime="20200821 14:21:47.457" endtime="20200821 14:21:53.566"></status>
</kw>
<kw name="Wait Until Page Contains" library="SeleniumLibrary">
<doc>Waits until ``text`` appears on the current page.</doc>
<arguments>
<arg>Needing Intro Call</arg>
</arguments>
<status status="PASS" starttime="20200821 14:21:53.567" endtime="20200821 14:21:55.594"></status>
</kw>
<kw name="Unselect Checkbox" library="SeleniumLibrary">
<doc>Removes the selection of checkbox identified by ``locator``.</doc>
<arguments>
<arg>${Needing Intro Call}</arg>
</arguments>
<msg timestamp="20200821 14:21:55.595" level="INFO">Unselecting checkbox 'xpath=//input[@id='inlineCheckbox1']'.</msg>
<status status="PASS" starttime="20200821 14:21:55.595" endtime="20200821 14:22:05.703"></status>
</kw>
<kw name="Select Checkbox" library="SeleniumLibrary">
<doc>Selects the checkbox identified by ``locator``.</doc>
<arguments>
<arg>${Site Ready For SRC}</arg>
</arguments>
<msg timestamp="20200821 14:22:05.704" level="INFO">Selecting checkbox 'xpath=//input[@id='inlineCheckbox3']'.</msg>
<status status="PASS" starttime="20200821 14:22:05.704" endtime="20200821 14:22:15.842"></status>
</kw>
<kw name="Click Button" library="SeleniumLibrary">
<doc>Clicks the button identified by ``locator``.</doc>
<arguments>
<arg>${Filter Button}</arg>
</arguments>
<msg timestamp="20200821 14:22:15.842" level="INFO">Clicking button 'xpath=//button[contains(text(),'Filter')]'.</msg>
<status status="PASS" starttime="20200821 14:22:15.842" endtime="20200821 14:22:25.978"></status>
</kw>
<status status="PASS" starttime="20200821 14:21:31.258" endtime="20200821 14:22:25.978"></status>
</kw>
<status status="PASS" starttime="20200821 14:21:31.257" endtime="20200821 14:22:25.979"></status>
</kw>
<kw name="Validation of Next SRC Events" library="SRCDashboard">
<kw name="Next SRC Events" library="SRCPage">
<kw name="Set Selenium Speed" library="SeleniumLibrary">
<doc>Sets the delay that is waited after each Selenium command.</doc>
<arguments>
<arg>2s</arg>
</arguments>
<status status="PASS" starttime="20200821 14:22:25.982" endtime="20200821 14:22:25.982"></status>
</kw>
<kw name="Set Selenium Implicit Wait" library="SeleniumLibrary">
<doc>Sets the implicit wait value used by Selenium.</doc>
<arguments>
<arg>5s</arg>
</arguments>
<status status="PASS" starttime="20200821 14:22:25.983" endtime="20200821 14:22:29.998"></status>
</kw>
<kw name="Click Link" library="SeleniumLibrary">
<doc>Clicks a link identified by ``locator``.</doc>
<arguments>
<arg>${SRC Dashboard}</arg>
</arguments>
<msg timestamp="20200821 14:22:30.000" level="INFO">Clicking link 'SrcDashboard'.</msg>
<status status="PASS" starttime="20200821 14:22:29.999" endtime="20200821 14:22:36.126"></status>
</kw>
<kw name="Wait Until Page Contains" library="SeleniumLibrary">
<doc>Waits until ``text`` appears on the current page.</doc>
<arguments>
<arg>Cases needing intro call</arg>
</arguments>
<status status="PASS" starttime="20200821 14:22:36.127" endtime="20200821 14:22:38.151"></status>
</kw>
<kw name="Get Text" library="SeleniumLibrary">
<doc>Returns the text value of the element identified by ``locator``.</doc>
<arguments>
<arg>${Review4}</arg>
</arguments>
<assign>
<var>${text3}</var>
</assign>
<msg timestamp="20200821 14:22:42.195" level="INFO">${text3} = Next SRC Events</msg>
<status status="PASS" starttime="20200821 14:22:38.151" endtime="20200821 14:22:42.195"></status>
</kw>
<kw name="Log To Console" library="BuiltIn">
<doc>Logs the given message to the console.</doc>
<arguments>
<arg>${text3}</arg>
</arguments>
<status status="PASS" starttime="20200821 14:22:42.196" endtime="20200821 14:22:42.197"></status>
</kw>
<kw name="Click Element" library="SeleniumLibrary">
<doc>Click the element identified by ``locator``.</doc>
<arguments>
<arg>${Schedule Details Page}</arg>
</arguments>
<msg timestamp="20200821 14:22:42.198" level="INFO">Clicking element 'xpath=//body/app/div/div/div[4]'.</msg>
<status status="PASS" starttime="20200821 14:22:42.197" endtime="20200821 14:22:46.256"></status>
</kw>
<kw name="Sleep" library="BuiltIn">
<doc>Pauses the test executed for the given time.</doc>
<arguments>
<arg>2s</arg>
</arguments>
<msg timestamp="20200821 14:22:48.259" level="INFO">Slept 2 seconds</msg>
<status status="PASS" starttime="20200821 14:22:46.256" endtime="20200821 14:22:48.259"></status>
</kw>
<kw name="Get Text" library="SeleniumLibrary">
<doc>Returns the text value of the element identified by ``locator``.</doc>
<arguments>
<arg>${Event Type}</arg>
</arguments>
<assign>
<var>${text4}</var>
</assign>
<msg timestamp="20200821 14:22:52.294" level="INFO">${text4} = site-CGFIZOZUSBZKSVLWGAIT</msg>
<status status="PASS" starttime="20200821 14:22:48.259" endtime="20200821 14:22:52.294"></status>
</kw>
<kw name="Log To Console" library="BuiltIn">
<doc>Logs the given message to the console.</doc>
<arguments>
<arg>${text4}</arg>
</arguments>
<status status="PASS" starttime="20200821 14:22:52.294" endtime="20200821 14:22:52.295"></status>
</kw>
<status status="PASS" starttime="20200821 14:22:25.981" endtime="20200821 14:22:52.295"></status>
</kw>
<status status="PASS" starttime="20200821 14:22:25.980" endtime="20200821 14:22:52.295"></status>
</kw>
<kw name="Validation of Completed SRC Events" library="SRCDashboard">
<kw name="Completed SRC Events" library="SRCPage">
<kw name="Set Selenium Speed" library="SeleniumLibrary">
<doc>Sets the delay that is waited after each Selenium command.</doc>
<arguments>
<arg>2s</arg>
</arguments>
<status status="PASS" starttime="20200821 14:22:52.297" endtime="20200821 14:22:52.297"></status>
</kw>
<kw name="Set Selenium Implicit Wait" library="SeleniumLibrary">
<doc>Sets the implicit wait value used by Selenium.</doc>
<arguments>
<arg>5s</arg>
</arguments>
<status status="PASS" starttime="20200821 14:22:52.297" endtime="20200821 14:22:56.308"></status>
</kw>
<kw name="Click Link" library="SeleniumLibrary">
<doc>Clicks a link identified by ``locator``.</doc>
<arguments>
<arg>${SRC Dashboard}</arg>
</arguments>
<msg timestamp="20200821 14:22:56.308" level="INFO">Clicking link 'SrcDashboard'.</msg>
<status status="PASS" starttime="20200821 14:22:56.308" endtime="20200821 14:23:02.406"></status>
</kw>
<kw name="Get Text" library="SeleniumLibrary">
<doc>Returns the text value of the element identified by ``locator``.</doc>
<arguments>
<arg>${Review5}</arg>
</arguments>
<assign>
<var>${text5}</var>
</assign>
<msg timestamp="20200821 14:23:06.460" level="INFO">${text5} = Completed SRC Events</msg>
<status status="PASS" starttime="20200821 14:23:02.407" endtime="20200821 14:23:06.460"></status>
</kw>
<kw name="Log To Console" library="BuiltIn">
<doc>Logs the given message to the console.</doc>
<arguments>
<arg>${text5}</arg>
</arguments>
<status status="PASS" starttime="20200821 14:23:06.460" endtime="20200821 14:23:06.460"></status>
</kw>
<kw name="Click Element" library="SeleniumLibrary">
<doc>Click the element identified by ``locator``.</doc>
<arguments>
<arg>${Completed SRC Events Details}</arg>
</arguments>
<msg timestamp="20200821 14:23:06.461" level="INFO">Clicking element 'xpath=//div[5]//table[1]//tbody[1]//tr[1]'.</msg>
<status status="PASS" starttime="20200821 14:23:06.461" endtime="20200821 14:23:10.587"></status>
</kw>
<kw name="Get Text" library="SeleniumLibrary">
<doc>Returns the text value of the element identified by ``locator``.</doc>
<arguments>
<arg>${Event Type}</arg>
</arguments>
<assign>
<var>${text6}</var>
</assign>
<msg timestamp="20200821 14:23:16.024" level="INFO">${text6} = SRC</msg>
<status status="PASS" starttime="20200821 14:23:10.587" endtime="20200821 14:23:16.024"></status>
</kw>
<kw name="Log To Console" library="BuiltIn">
<doc>Logs the given message to the console.</doc>
<arguments>
<arg>${text6}</arg>
</arguments>
<status status="PASS" starttime="20200821 14:23:16.024" endtime="20200821 14:23:16.024"></status>
</kw>
<status status="PASS" starttime="20200821 14:22:52.296" endtime="20200821 14:23:16.024"></status>
</kw>
<status status="PASS" starttime="20200821 14:22:52.296" endtime="20200821 14:23:16.025"></status>
</kw>
<doc>Validate SRC Sections</doc>
<tags>
<tag>Smoke</tag>
</tags>
<status status="PASS" starttime="20200821 14:19:34.718" endtime="20200821 14:23:16.025" critical="yes"></status>
</test>
<kw name="End Web Test" library="Common" type="teardown">
<kw name="Close All Browsers" library="SeleniumLibrary">
<doc>Closes all open browsers and resets the browser cache.</doc>
<status status="PASS" starttime="20200821 14:23:16.029" endtime="20200821 14:23:22.958"></status>
</kw>
<status status="PASS" starttime="20200821 14:23:16.029" endtime="20200821 14:23:22.959"></status>
</kw>
<status status="PASS" starttime="20200821 14:19:34.683" endtime="20200821 14:23:22.959"></status>
</suite>
<status status="PASS" starttime="20200821 14:11:59.286" endtime="20200821 14:23:22.972"></status>
</suite>
<statistics>
<total>
<stat pass="4" fail="0">Critical Tests</stat>
<stat pass="4" fail="0">All Tests</stat>
</total>
<tag>
<stat pass="4" fail="0">Smoke</stat>
</tag>
<suite>
<stat pass="4" fail="0" id="s1" name="TestCases">TestCases</stat>
<stat pass="1" fail="0" id="s1-s1" name="DHCDashboard">TestCases.DHCDashboard</stat>
<stat pass="1" fail="0" id="s1-s2" name="DHCSections">TestCases.DHCSections</stat>
<stat pass="1" fail="0" id="s1-s3" name="ExecutionDetails">TestCases.ExecutionDetails</stat>
<stat pass="1" fail="0" id="s1-s4" name="SRCDashboard">TestCases.SRCDashboard</stat>
</suite>
</statistics>
<errors>
</errors>
</robot>
