<?xml version="1.0" encoding="UTF-8"?>
<robot generator="Robot 3.2.1 (Python 3.8.5 on win32)" generated="20200825 19:34:30.781" rpa="false">
<suite id="s1" name="LoginPage" source="C:\Users\cthimmaiah\PycharmProjects\SampleProject\TestCases\LoginPage.robot">
<test id="s1-t1" name="TC_001_Login with Valid credentials">
<kw name="Begin Web Test" library="Common" type="setup">
<kw name="${Firefox Browser} IN [ @{BROWSERS} ]" type="for">
<kw name="${Firefox Browser} = firefox" type="foritem">
<kw name="Open Browser" library="SeleniumLibrary">
<doc>Opens a new browser instance to the optional ``url``.</doc>
<arguments>
<arg>${URL}</arg>
<arg>${Firefox Browser}</arg>
</arguments>
<msg timestamp="20200825 19:34:31.133" level="INFO">Opening browser 'firefox' to base url 'https://qa-swcoe-dhc-automation-web-app.azurewebsites.net/'.</msg>
<msg timestamp="20200825 19:34:31.135" level="INFO">Firefox driver log is always forced to to: C:\Users\cthimmaiah\PycharmProjects\SampleProject\TestCases\geckodriver-1.log</msg>
<status status="PASS" starttime="20200825 19:34:31.132" endtime="20200825 19:34:43.682"></status>
</kw>
<status status="PASS" starttime="20200825 19:34:31.132" endtime="20200825 19:34:43.682"></status>
</kw>
<kw name="${Firefox Browser} = chrome" type="foritem">
<kw name="Open Browser" library="SeleniumLibrary">
<doc>Opens a new browser instance to the optional ``url``.</doc>
<arguments>
<arg>${URL}</arg>
<arg>${Firefox Browser}</arg>
</arguments>
<msg timestamp="20200825 19:34:43.683" level="INFO">Opening browser 'chrome' to base url 'https://qa-swcoe-dhc-automation-web-app.azurewebsites.net/'.</msg>
<status status="PASS" starttime="20200825 19:34:43.682" endtime="20200825 19:34:50.052"></status>
</kw>
<status status="PASS" starttime="20200825 19:34:43.682" endtime="20200825 19:34:50.052"></status>
</kw>
<status status="PASS" starttime="20200825 19:34:31.132" endtime="20200825 19:34:50.053"></status>
</kw>
<kw name="Set Selenium Timeout" library="SeleniumLibrary">
<doc>Sets the timeout that is used by various keywords.</doc>
<arguments>
<arg>30s</arg>
</arguments>
<status status="PASS" starttime="20200825 19:34:50.053" endtime="20200825 19:34:50.064"></status>
</kw>
<kw name="Wait Until Page Contains" library="SeleniumLibrary">
<doc>Waits until ``text`` appears on the current page.</doc>
<arguments>
<arg>Commercial Cloud Dashboard</arg>
</arguments>
<status status="PASS" starttime="20200825 19:34:50.064" endtime="20200825 19:34:58.854"></status>
</kw>
<kw name="Switch Browser" library="SeleniumLibrary">
<doc>Switches between active browsers using ``index_or_alias``.</doc>
<arguments>
<arg>2</arg>
</arguments>
<status status="PASS" starttime="20200825 19:34:58.854" endtime="20200825 19:34:58.854"></status>
</kw>
<status status="PASS" starttime="20200825 19:34:31.132" endtime="20200825 19:34:58.854"></status>
</kw>
<kw name="Login With Valid Credentials" library="LoginPage">
<kw name="Login" library="LoginWithValidCredentials">
<kw name="Input Text" library="SeleniumLibrary">
<doc>Types the given ``text`` into the text field identified by ``locator``.</doc>
<arguments>
<arg>${LOGIN EMAIL}</arg>
<arg>${VALID USERNAME}</arg>
</arguments>
<msg timestamp="20200825 19:34:58.856" level="INFO">Typing text 'dhc@user.email' into text field 'css:[type='email']'.</msg>
<status status="PASS" starttime="20200825 19:34:58.856" endtime="20200825 19:34:58.956"></status>
</kw>
<kw name="Sleep" library="BuiltIn">
<doc>Pauses the test executed for the given time.</doc>
<arguments>
<arg>3s</arg>
</arguments>
<msg timestamp="20200825 19:35:01.972" level="INFO">Slept 3 seconds</msg>
<status status="PASS" starttime="20200825 19:34:58.956" endtime="20200825 19:35:01.972"></status>
</kw>
<kw name="Input Text" library="SeleniumLibrary">
<doc>Types the given ``text`` into the text field identified by ``locator``.</doc>
<arguments>
<arg>${LOGIN PASSWD}</arg>
<arg>${VALID PASSWORD}</arg>
</arguments>
<msg timestamp="20200825 19:35:01.973" level="INFO">Typing text 'Dhctest01' into text field 'css:[type='password']'.</msg>
<status status="PASS" starttime="20200825 19:35:01.972" endtime="20200825 19:35:02.086"></status>
</kw>
<kw name="Click Button" library="SeleniumLibrary">
<doc>Clicks the button identified by ``locator``.</doc>
<arguments>
<arg>${LOGIN BTN}</arg>
</arguments>
<msg timestamp="20200825 19:35:02.087" level="INFO">Clicking button 'xpath://button[@class='btn btn-primary btn-login']'.</msg>
<status status="PASS" starttime="20200825 19:35:02.087" endtime="20200825 19:35:02.192"></status>
</kw>
<status status="PASS" starttime="20200825 19:34:58.855" endtime="20200825 19:35:02.192"></status>
</kw>
<status status="PASS" starttime="20200825 19:34:58.855" endtime="20200825 19:35:02.192"></status>
</kw>
<kw name="Confirm Valid Credentials" library="LoginPage">
<kw name="Verify User Logged In" library="LoginWithValidCredentials">
<kw name="Sleep" library="BuiltIn">
<doc>Pauses the test executed for the given time.</doc>
<arguments>
<arg>5s</arg>
</arguments>
<msg timestamp="20200825 19:35:07.203" level="INFO">Slept 5 seconds</msg>
<status status="PASS" starttime="20200825 19:35:02.193" endtime="20200825 19:35:07.204"></status>
</kw>
<kw name="Should Be Equal" library="BuiltIn">
<doc>Fails if the given objects are unequal.</doc>
<arguments>
<arg>${VALID CREDENTIALS NOTICE}</arg>
<arg>Welcome to your new app.</arg>
</arguments>
<status status="PASS" starttime="20200825 19:35:07.204" endtime="20200825 19:35:07.206"></status>
</kw>
<status status="PASS" starttime="20200825 19:35:02.193" endtime="20200825 19:35:07.206"></status>
</kw>
<status status="PASS" starttime="20200825 19:35:02.193" endtime="20200825 19:35:07.207"></status>
</kw>
<doc>Verify login page creadentials</doc>
<tags>
<tag>Smoke</tag>
</tags>
<status status="PASS" starttime="20200825 19:34:31.131" endtime="20200825 19:35:07.208" critical="yes"></status>
</test>
<kw name="End Web Test" library="Common" type="teardown">
<kw name="Close All Browsers" library="SeleniumLibrary">
<doc>Closes all open browsers and resets the browser cache.</doc>
<status status="PASS" starttime="20200825 19:35:07.215" endtime="20200825 19:35:11.044"></status>
</kw>
<status status="PASS" starttime="20200825 19:35:07.214" endtime="20200825 19:35:11.044"></status>
</kw>
<status status="PASS" starttime="20200825 19:34:30.784" endtime="20200825 19:35:11.045"></status>
</suite>
<statistics>
<total>
<stat pass="1" fail="0">Critical Tests</stat>
<stat pass="1" fail="0">All Tests</stat>
</total>
<tag>
<stat pass="1" fail="0">Smoke</stat>
</tag>
<suite>
<stat pass="1" fail="0" id="s1" name="LoginPage">LoginPage</stat>
</suite>
</statistics>
<errors>
</errors>
</robot>
